{"message":"Progression with id 69a8943b-e802-4cab-9a8c-8dee4db334db stored.","level":"info"}
{"message":"Storing [object Object]...","level":"info"}
{"message":"Storing [object Object]...","level":"info"}
{"message":"Storing [object Object]...","level":"info"}
{"message":"Storing [object Object]...","level":"info"}
{"message":"Storing [object Object]...","level":"info"}
{"message":"Storing [object Object]...","level":"info"}
{"message":"Storing [object Object]...","level":"info"}
{"message":"Progression with id 02c4b1a7-8996-489f-b3f4-151b1d5dba23 stored.","level":"info"}
{"message":"Storing [object Object]...","level":"info"}
{"message":"Storing [object Object]...","level":"info"}
{"message":"Storing [object Object]...","level":"info"}
{"message":"Storing [object Object]...","level":"info"}
{"message":"Storing [object Object]...","level":"info"}
{"message":"Storing [object Object]...","level":"info"}
{"message":"Storing [object Object]...","level":"info"}
{"message":"Progression with id 6ba1c248-57dd-4a1b-acb1-08e6e5f67bf3 stored.","level":"info"}
{"message":"Storing undefined...","level":"info"}
{"message":"Storing undefined...","level":"info"}
{"message":"Storing undefined...","level":"info"}
{"message":"Storing undefined...","level":"info"}
{"message":"Storing undefined...","level":"info"}
{"message":"Storing undefined...","level":"info"}
{"message":"Storing undefined...","level":"info"}
{"message":"Progression with id 17704b20-1cac-4b97-993a-1f62181f2039 stored.","level":"info"}
{"message":"Storing chord 0 for progression 17704b20-1cac-4b97-993a-1f62181f2039...","level":"info"}
{"message":"Storing chord 1 for progression 17704b20-1cac-4b97-993a-1f62181f2039...","level":"info"}
{"message":"Storing chord 2 for progression 17704b20-1cac-4b97-993a-1f62181f2039...","level":"info"}
{"message":"Storing chord 3 for progression 17704b20-1cac-4b97-993a-1f62181f2039...","level":"info"}
{"message":"Storing chord 4 for progression 17704b20-1cac-4b97-993a-1f62181f2039...","level":"info"}
{"message":"Storing chord 6 for progression 17704b20-1cac-4b97-993a-1f62181f2039...","level":"info"}
{"message":"Storing chord 5 for progression 17704b20-1cac-4b97-993a-1f62181f2039...","level":"info"}
{"message":"Progression with id 7cf228f2-50a4-48b2-852e-de34b2b59e95 stored.","level":"info"}
{"message":"Storing chord 0 for new pop banger's progression 7cf228f2-50a4-48b2-852e-de34b2b59e95...","level":"info"}
{"message":"Storing chord 1 for new pop banger's progression 7cf228f2-50a4-48b2-852e-de34b2b59e95...","level":"info"}
{"message":"Storing chord 2 for new pop banger's progression 7cf228f2-50a4-48b2-852e-de34b2b59e95...","level":"info"}
{"message":"Storing chord 6 for new pop banger's progression 7cf228f2-50a4-48b2-852e-de34b2b59e95...","level":"info"}
{"message":"Storing chord 3 for new pop banger's progression 7cf228f2-50a4-48b2-852e-de34b2b59e95...","level":"info"}
{"message":"Storing chord 5 for new pop banger's progression 7cf228f2-50a4-48b2-852e-de34b2b59e95...","level":"info"}
{"message":"Storing chord 4 for new pop banger's progression 7cf228f2-50a4-48b2-852e-de34b2b59e95...","level":"info"}
{"message":"Progression with id b5ef2788-8259-4735-a47e-3d7392f4ba37 stored.","level":"info"}
{"message":"Storing chord 0 for progression 'new pop banger' with id b5ef2788-8259-4735-a47e-3d7392f4ba37...","level":"info"}
{"message":"Storing chord 1 for progression 'new pop banger' with id b5ef2788-8259-4735-a47e-3d7392f4ba37...","level":"info"}
{"message":"Storing chord 2 for progression 'new pop banger' with id b5ef2788-8259-4735-a47e-3d7392f4ba37...","level":"info"}
{"message":"Storing chord 3 for progression 'new pop banger' with id b5ef2788-8259-4735-a47e-3d7392f4ba37...","level":"info"}
{"message":"Storing chord 4 for progression 'new pop banger' with id b5ef2788-8259-4735-a47e-3d7392f4ba37...","level":"info"}
{"message":"Storing chord 6 for progression 'new pop banger' with id b5ef2788-8259-4735-a47e-3d7392f4ba37...","level":"info"}
{"message":"Storing chord 5 for progression 'new pop banger' with id b5ef2788-8259-4735-a47e-3d7392f4ba37...","level":"info"}
{"message":"Progression with id 5ab52d9b-67ba-48d9-849e-7c97b33d1109 stored.","level":"info"}
{"message":"Storing chord 0 for progression 'new pop banger' with id 5ab52d9b-67ba-48d9-849e-7c97b33d1109...","level":"info"}
{"message":"Storing chord 1 for progression 'new pop banger' with id 5ab52d9b-67ba-48d9-849e-7c97b33d1109...","level":"info"}
{"message":"Storing chord 2 for progression 'new pop banger' with id 5ab52d9b-67ba-48d9-849e-7c97b33d1109...","level":"info"}
{"message":"Storing chord 4 for progression 'new pop banger' with id 5ab52d9b-67ba-48d9-849e-7c97b33d1109...","level":"info"}
{"message":"Storing chord 3 for progression 'new pop banger' with id 5ab52d9b-67ba-48d9-849e-7c97b33d1109...","level":"info"}
{"message":"Storing chord 5 for progression 'new pop banger' with id 5ab52d9b-67ba-48d9-849e-7c97b33d1109...","level":"info"}
{"message":"Storing chord 6 for progression 'new pop banger' with id 5ab52d9b-67ba-48d9-849e-7c97b33d1109...","level":"info"}
{"message":"Progression with id fed984cb-411e-4bae-b52d-15fff2393ad0 stored.","level":"info"}
{"message":"Storing chord 0 for progression 'new pop banger' with id fed984cb-411e-4bae-b52d-15fff2393ad0...","level":"info"}
{"message":"Storing chord 1 for progression 'new pop banger' with id fed984cb-411e-4bae-b52d-15fff2393ad0...","level":"info"}
{"message":"Storing chord 5 for progression 'new pop banger' with id fed984cb-411e-4bae-b52d-15fff2393ad0...","level":"info"}
{"message":"Storing chord 2 for progression 'new pop banger' with id fed984cb-411e-4bae-b52d-15fff2393ad0...","level":"info"}
{"message":"Storing chord 3 for progression 'new pop banger' with id fed984cb-411e-4bae-b52d-15fff2393ad0...","level":"info"}
{"message":"Storing chord 4 for progression 'new pop banger' with id fed984cb-411e-4bae-b52d-15fff2393ad0...","level":"info"}
{"message":"Storing chord 6 for progression 'new pop banger' with id fed984cb-411e-4bae-b52d-15fff2393ad0...","level":"info"}
{"message":"Progression with id 02c4b1a7-8996-489f-b3f4-151b1kd5dba23 not found.","level":"error"}
{"message":"Overwriting chord 0 for progression 'G' with id 69a8943b-e802-4cab-9a8c-8dee4db334db...","level":"info"}
{"message":"Overwriting chord 1 for progression 'B' with id 69a8943b-e802-4cab-9a8c-8dee4db334db...","level":"info"}
{"message":"Overwriting chord 2 for progression 'E' with id 69a8943b-e802-4cab-9a8c-8dee4db334db...","level":"info"}
{"message":"Overwriting chord 3 for progression 'C' with id 69a8943b-e802-4cab-9a8c-8dee4db334db...","level":"info"}
{"message":"Overwriting chord 4 for progression 'G' with id 69a8943b-e802-4cab-9a8c-8dee4db334db...","level":"info"}
{"message":"Overwriting chord 5 for progression 'B' with id 69a8943b-e802-4cab-9a8c-8dee4db334db...","level":"info"}
{"message":"Overwriting chord 6 for progression 'C' with id 69a8943b-e802-4cab-9a8c-8dee4db334db...","level":"info"}
{"message":"Overwriting chord 0 for progression 'F' with id 69a8943b-e802-4cab-9a8c-8dee4db334db...","level":"info"}
{"message":"Overwriting chord 1 for progression 'A' with id 69a8943b-e802-4cab-9a8c-8dee4db334db...","level":"info"}
{"message":"Overwriting chord 2 for progression 'C' with id 69a8943b-e802-4cab-9a8c-8dee4db334db...","level":"info"}
{"message":"Overwriting chord 3 for progression 'E' with id 69a8943b-e802-4cab-9a8c-8dee4db334db...","level":"info"}
{"message":"Overwriting chord 4 for progression 'G' with id 69a8943b-e802-4cab-9a8c-8dee4db334db...","level":"info"}
{"message":"Overwriting chord 5 for progression 'B' with id 69a8943b-e802-4cab-9a8c-8dee4db334db...","level":"info"}
{"message":"Overwriting chord 6 for progression 'C' with id 69a8943b-e802-4cab-9a8c-8dee4db334db...","level":"info"}
{"message":"Progression with id 50af3623-d6d4-486d-b40e-abe8f309cd6d stored.","level":"info"}
{"message":"Storing chord 0 for progression 'test' with id 50af3623-d6d4-486d-b40e-abe8f309cd6d...","level":"info"}
{"message":"Storing chord 4 for progression 'test' with id 50af3623-d6d4-486d-b40e-abe8f309cd6d...","level":"info"}
{"message":"Storing chord 3 for progression 'test' with id 50af3623-d6d4-486d-b40e-abe8f309cd6d...","level":"info"}
{"message":"Storing chord 2 for progression 'test' with id 50af3623-d6d4-486d-b40e-abe8f309cd6d...","level":"info"}
{"message":"Storing chord 1 for progression 'test' with id 50af3623-d6d4-486d-b40e-abe8f309cd6d...","level":"info"}
{"message":"Storing chord 5 for progression 'test' with id 50af3623-d6d4-486d-b40e-abe8f309cd6d...","level":"info"}
{"message":"Storing chord 6 for progression 'test' with id 50af3623-d6d4-486d-b40e-abe8f309cd6d...","level":"info"}
{"message":"Progression with id e078e03a-403e-4114-9f9b-e008520df6c4 stored.","level":"info"}
{"message":"Storing chord 0 for progression 'test' with id e078e03a-403e-4114-9f9b-e008520df6c4...","level":"info"}
{"message":"Storing chord 2 for progression 'test' with id e078e03a-403e-4114-9f9b-e008520df6c4...","level":"info"}
{"message":"Storing chord 1 for progression 'test' with id e078e03a-403e-4114-9f9b-e008520df6c4...","level":"info"}
{"message":"Storing chord 4 for progression 'test' with id e078e03a-403e-4114-9f9b-e008520df6c4...","level":"info"}
{"message":"Storing chord 5 for progression 'test' with id e078e03a-403e-4114-9f9b-e008520df6c4...","level":"info"}
{"message":"Storing chord 3 for progression 'test' with id e078e03a-403e-4114-9f9b-e008520df6c4...","level":"info"}
{"message":"Storing chord 6 for progression 'test' with id e078e03a-403e-4114-9f9b-e008520df6c4...","level":"info"}
{"message":"Progression with id df31dbd1-8560-4dbf-b2e7-fd7a79e96716 stored.","level":"info"}
{"message":"Storing chord 2 for progression 'testing' with id df31dbd1-8560-4dbf-b2e7-fd7a79e96716...","level":"info"}
{"message":"Storing chord 0 for progression 'testing' with id df31dbd1-8560-4dbf-b2e7-fd7a79e96716...","level":"info"}
{"message":"Storing chord 1 for progression 'testing' with id df31dbd1-8560-4dbf-b2e7-fd7a79e96716...","level":"info"}
{"message":"Storing chord 4 for progression 'testing' with id df31dbd1-8560-4dbf-b2e7-fd7a79e96716...","level":"info"}
{"message":"Storing chord 3 for progression 'testing' with id df31dbd1-8560-4dbf-b2e7-fd7a79e96716...","level":"info"}
{"message":"Storing chord 6 for progression 'testing' with id df31dbd1-8560-4dbf-b2e7-fd7a79e96716...","level":"info"}
{"message":"Storing chord 5 for progression 'testing' with id df31dbd1-8560-4dbf-b2e7-fd7a79e96716...","level":"info"}
{"message":"Progression with id e37db216-febc-4286-95fb-be5d019e4986 stored.","level":"info"}
{"message":"Storing chord 0 for progression 'test' with id e37db216-febc-4286-95fb-be5d019e4986...","level":"info"}
{"message":"Storing chord 2 for progression 'test' with id e37db216-febc-4286-95fb-be5d019e4986...","level":"info"}
{"message":"Storing chord 1 for progression 'test' with id e37db216-febc-4286-95fb-be5d019e4986...","level":"info"}
{"message":"Storing chord 3 for progression 'test' with id e37db216-febc-4286-95fb-be5d019e4986...","level":"info"}
{"message":"Storing chord 4 for progression 'test' with id e37db216-febc-4286-95fb-be5d019e4986...","level":"info"}
{"message":"Storing chord 6 for progression 'test' with id e37db216-febc-4286-95fb-be5d019e4986...","level":"info"}
{"message":"Storing chord 5 for progression 'test' with id e37db216-febc-4286-95fb-be5d019e4986...","level":"info"}
{"message":"Progression with id a374082e-9cf8-4a2f-8848-9a73d7fc86cc stored.","level":"info"}
{"message":"Storing chord 1 for progression 'test' with id a374082e-9cf8-4a2f-8848-9a73d7fc86cc...","level":"info"}
{"message":"Storing chord 0 for progression 'test' with id a374082e-9cf8-4a2f-8848-9a73d7fc86cc...","level":"info"}
{"message":"Storing chord 4 for progression 'test' with id a374082e-9cf8-4a2f-8848-9a73d7fc86cc...","level":"info"}
{"message":"Storing chord 2 for progression 'test' with id a374082e-9cf8-4a2f-8848-9a73d7fc86cc...","level":"info"}
{"message":"Storing chord 3 for progression 'test' with id a374082e-9cf8-4a2f-8848-9a73d7fc86cc...","level":"info"}
{"message":"Storing chord 5 for progression 'test' with id a374082e-9cf8-4a2f-8848-9a73d7fc86cc...","level":"info"}
{"message":"Storing chord 6 for progression 'test' with id a374082e-9cf8-4a2f-8848-9a73d7fc86cc...","level":"info"}
{"message":"Progression with id c4d3bfe5-2de3-4a61-9a8d-01533250510f stored.","level":"info"}
{"message":"Storing chord 0 for progression 'asdf' with id c4d3bfe5-2de3-4a61-9a8d-01533250510f...","level":"info"}
{"message":"Storing chord 1 for progression 'asdf' with id c4d3bfe5-2de3-4a61-9a8d-01533250510f...","level":"info"}
{"message":"Storing chord 4 for progression 'asdf' with id c4d3bfe5-2de3-4a61-9a8d-01533250510f...","level":"info"}
{"message":"Storing chord 2 for progression 'asdf' with id c4d3bfe5-2de3-4a61-9a8d-01533250510f...","level":"info"}
{"message":"Storing chord 3 for progression 'asdf' with id c4d3bfe5-2de3-4a61-9a8d-01533250510f...","level":"info"}
{"message":"Storing chord 5 for progression 'asdf' with id c4d3bfe5-2de3-4a61-9a8d-01533250510f...","level":"info"}
{"message":"Storing chord 6 for progression 'asdf' with id c4d3bfe5-2de3-4a61-9a8d-01533250510f...","level":"info"}
{"message":"Progression with id 8f593b0e-5d1f-4115-b3d8-6f0bc9d61631 stored.","level":"info"}
{"message":"Storing chord 0 for progression 'asdfg' with id 8f593b0e-5d1f-4115-b3d8-6f0bc9d61631...","level":"info"}
{"message":"Storing chord 3 for progression 'asdfg' with id 8f593b0e-5d1f-4115-b3d8-6f0bc9d61631...","level":"info"}
{"message":"Storing chord 1 for progression 'asdfg' with id 8f593b0e-5d1f-4115-b3d8-6f0bc9d61631...","level":"info"}
{"message":"Storing chord 2 for progression 'asdfg' with id 8f593b0e-5d1f-4115-b3d8-6f0bc9d61631...","level":"info"}
{"message":"Storing chord 4 for progression 'asdfg' with id 8f593b0e-5d1f-4115-b3d8-6f0bc9d61631...","level":"info"}
{"message":"Storing chord 5 for progression 'asdfg' with id 8f593b0e-5d1f-4115-b3d8-6f0bc9d61631...","level":"info"}
{"message":"Storing chord 6 for progression 'asdfg' with id 8f593b0e-5d1f-4115-b3d8-6f0bc9d61631...","level":"info"}
{"message":"Progression with id 143c4d36-161d-4ba1-802c-cb756d30a195 stored.","level":"info"}
{"message":"Storing chord 1 for progression 'test' with id 143c4d36-161d-4ba1-802c-cb756d30a195...","level":"info"}
{"message":"Storing chord 0 for progression 'test' with id 143c4d36-161d-4ba1-802c-cb756d30a195...","level":"info"}
{"message":"Storing chord 2 for progression 'test' with id 143c4d36-161d-4ba1-802c-cb756d30a195...","level":"info"}
{"message":"Storing chord 3 for progression 'test' with id 143c4d36-161d-4ba1-802c-cb756d30a195...","level":"info"}
{"message":"Storing chord 4 for progression 'test' with id 143c4d36-161d-4ba1-802c-cb756d30a195...","level":"info"}
{"message":"Storing chord 5 for progression 'test' with id 143c4d36-161d-4ba1-802c-cb756d30a195...","level":"info"}
{"message":"Storing chord 6 for progression 'test' with id 143c4d36-161d-4ba1-802c-cb756d30a195...","level":"info"}
{"message":"Progression with id 86a9d6d1-524f-450f-a4c9-74bb58f223c9 stored.","level":"info"}
{"message":"Storing chord 0 for progression 'test' with id 86a9d6d1-524f-450f-a4c9-74bb58f223c9...","level":"info"}
{"message":"Storing chord 1 for progression 'test' with id 86a9d6d1-524f-450f-a4c9-74bb58f223c9...","level":"info"}
{"message":"Storing chord 2 for progression 'test' with id 86a9d6d1-524f-450f-a4c9-74bb58f223c9...","level":"info"}
{"message":"Storing chord 3 for progression 'test' with id 86a9d6d1-524f-450f-a4c9-74bb58f223c9...","level":"info"}
{"message":"Storing chord 6 for progression 'test' with id 86a9d6d1-524f-450f-a4c9-74bb58f223c9...","level":"info"}
{"message":"Storing chord 4 for progression 'test' with id 86a9d6d1-524f-450f-a4c9-74bb58f223c9...","level":"info"}
{"message":"Storing chord 5 for progression 'test' with id 86a9d6d1-524f-450f-a4c9-74bb58f223c9...","level":"info"}
{"message":"Progression with id 8634d378-1fa5-4e2c-9c15-ce5ca65defd4 stored.","level":"info"}
{"message":"Storing chord 0 for progression 'test' with id 8634d378-1fa5-4e2c-9c15-ce5ca65defd4...","level":"info"}
{"message":"Storing chord 1 for progression 'test' with id 8634d378-1fa5-4e2c-9c15-ce5ca65defd4...","level":"info"}
{"message":"Storing chord 2 for progression 'test' with id 8634d378-1fa5-4e2c-9c15-ce5ca65defd4...","level":"info"}
{"message":"Storing chord 4 for progression 'test' with id 8634d378-1fa5-4e2c-9c15-ce5ca65defd4...","level":"info"}
{"message":"Storing chord 3 for progression 'test' with id 8634d378-1fa5-4e2c-9c15-ce5ca65defd4...","level":"info"}
{"message":"Storing chord 5 for progression 'test' with id 8634d378-1fa5-4e2c-9c15-ce5ca65defd4...","level":"info"}
{"message":"Storing chord 6 for progression 'test' with id 8634d378-1fa5-4e2c-9c15-ce5ca65defd4...","level":"info"}
{"message":"Progression with id 1522868d-3cbc-4602-b97d-bb7dec7032d0 stored.","level":"info"}
{"message":"Storing chord 0 for progression 'test' with id 1522868d-3cbc-4602-b97d-bb7dec7032d0...","level":"info"}
{"message":"Storing chord 5 for progression 'test' with id 1522868d-3cbc-4602-b97d-bb7dec7032d0...","level":"info"}
{"message":"Storing chord 1 for progression 'test' with id 1522868d-3cbc-4602-b97d-bb7dec7032d0...","level":"info"}
{"message":"Storing chord 3 for progression 'test' with id 1522868d-3cbc-4602-b97d-bb7dec7032d0...","level":"info"}
{"message":"Storing chord 2 for progression 'test' with id 1522868d-3cbc-4602-b97d-bb7dec7032d0...","level":"info"}
{"message":"Storing chord 4 for progression 'test' with id 1522868d-3cbc-4602-b97d-bb7dec7032d0...","level":"info"}
{"message":"Storing chord 6 for progression 'test' with id 1522868d-3cbc-4602-b97d-bb7dec7032d0...","level":"info"}
{"message":"Progression with id a215c80e-97da-454c-89be-f5d79e9d5711 stored.","level":"info"}
{"message":"Storing chord 0 for progression 'erty' with id a215c80e-97da-454c-89be-f5d79e9d5711...","level":"info"}
{"message":"Storing chord 1 for progression 'erty' with id a215c80e-97da-454c-89be-f5d79e9d5711...","level":"info"}
{"message":"Storing chord 3 for progression 'erty' with id a215c80e-97da-454c-89be-f5d79e9d5711...","level":"info"}
{"message":"Storing chord 2 for progression 'erty' with id a215c80e-97da-454c-89be-f5d79e9d5711...","level":"info"}
{"message":"Storing chord 4 for progression 'erty' with id a215c80e-97da-454c-89be-f5d79e9d5711...","level":"info"}
{"message":"Storing chord 6 for progression 'erty' with id a215c80e-97da-454c-89be-f5d79e9d5711...","level":"info"}
{"message":"Storing chord 5 for progression 'erty' with id a215c80e-97da-454c-89be-f5d79e9d5711...","level":"info"}
{"message":"Progression with id 694db8df-5c3d-40f1-9df9-3c137f290c5f stored.","level":"info"}
{"message":"Storing chord 1 for progression 'erty' with id 694db8df-5c3d-40f1-9df9-3c137f290c5f...","level":"info"}
{"message":"Storing chord 0 for progression 'erty' with id 694db8df-5c3d-40f1-9df9-3c137f290c5f...","level":"info"}
{"message":"Storing chord 4 for progression 'erty' with id 694db8df-5c3d-40f1-9df9-3c137f290c5f...","level":"info"}
{"message":"Storing chord 3 for progression 'erty' with id 694db8df-5c3d-40f1-9df9-3c137f290c5f...","level":"info"}
{"message":"Storing chord 2 for progression 'erty' with id 694db8df-5c3d-40f1-9df9-3c137f290c5f...","level":"info"}
{"message":"Storing chord 6 for progression 'erty' with id 694db8df-5c3d-40f1-9df9-3c137f290c5f...","level":"info"}
{"message":"Storing chord 5 for progression 'erty' with id 694db8df-5c3d-40f1-9df9-3c137f290c5f...","level":"info"}
{"message":"Progression with id 85f933b3-f4dc-4db3-b272-12e78dffc173 stored.","level":"info"}
{"message":"Storing chord 0 for progression 'erty' with id 85f933b3-f4dc-4db3-b272-12e78dffc173...","level":"info"}
{"message":"Storing chord 1 for progression 'erty' with id 85f933b3-f4dc-4db3-b272-12e78dffc173...","level":"info"}
{"message":"Storing chord 2 for progression 'erty' with id 85f933b3-f4dc-4db3-b272-12e78dffc173...","level":"info"}
{"message":"Storing chord 3 for progression 'erty' with id 85f933b3-f4dc-4db3-b272-12e78dffc173...","level":"info"}
{"message":"Storing chord 4 for progression 'erty' with id 85f933b3-f4dc-4db3-b272-12e78dffc173...","level":"info"}
{"message":"Storing chord 5 for progression 'erty' with id 85f933b3-f4dc-4db3-b272-12e78dffc173...","level":"info"}
{"message":"Storing chord 6 for progression 'erty' with id 85f933b3-f4dc-4db3-b272-12e78dffc173...","level":"info"}
{"message":"Progression with id f7f86830-968e-42ac-bfbe-3c5b1120cda0 stored.","level":"info"}
{"message":"Storing chord 0 for progression 'erty' with id f7f86830-968e-42ac-bfbe-3c5b1120cda0...","level":"info"}
{"message":"Storing chord 2 for progression 'erty' with id f7f86830-968e-42ac-bfbe-3c5b1120cda0...","level":"info"}
{"message":"Storing chord 1 for progression 'erty' with id f7f86830-968e-42ac-bfbe-3c5b1120cda0...","level":"info"}
{"message":"Storing chord 3 for progression 'erty' with id f7f86830-968e-42ac-bfbe-3c5b1120cda0...","level":"info"}
{"message":"Storing chord 5 for progression 'erty' with id f7f86830-968e-42ac-bfbe-3c5b1120cda0...","level":"info"}
{"message":"Storing chord 4 for progression 'erty' with id f7f86830-968e-42ac-bfbe-3c5b1120cda0...","level":"info"}
{"message":"Storing chord 6 for progression 'erty' with id f7f86830-968e-42ac-bfbe-3c5b1120cda0...","level":"info"}
{"message":"Progression with id e26e1e38-d43e-48b5-910c-89a4dcfd31c9 stored.","level":"info"}
{"message":"Storing chord 0 for progression 'erty' with id e26e1e38-d43e-48b5-910c-89a4dcfd31c9...","level":"info"}
{"message":"Storing chord 1 for progression 'erty' with id e26e1e38-d43e-48b5-910c-89a4dcfd31c9...","level":"info"}
{"message":"Storing chord 6 for progression 'erty' with id e26e1e38-d43e-48b5-910c-89a4dcfd31c9...","level":"info"}
{"message":"Storing chord 5 for progression 'erty' with id e26e1e38-d43e-48b5-910c-89a4dcfd31c9...","level":"info"}
{"message":"Storing chord 3 for progression 'erty' with id e26e1e38-d43e-48b5-910c-89a4dcfd31c9...","level":"info"}
{"message":"Storing chord 2 for progression 'erty' with id e26e1e38-d43e-48b5-910c-89a4dcfd31c9...","level":"info"}
{"message":"Storing chord 4 for progression 'erty' with id e26e1e38-d43e-48b5-910c-89a4dcfd31c9...","level":"info"}
{"message":"Progression with id 7c800dd2-28db-4d06-a5dc-d5a8d5df8e3a stored.","level":"info"}
{"message":"Storing chord 0 for progression 'erty' with id 7c800dd2-28db-4d06-a5dc-d5a8d5df8e3a...","level":"info"}
{"message":"Storing chord 2 for progression 'erty' with id 7c800dd2-28db-4d06-a5dc-d5a8d5df8e3a...","level":"info"}
{"message":"Storing chord 1 for progression 'erty' with id 7c800dd2-28db-4d06-a5dc-d5a8d5df8e3a...","level":"info"}
{"message":"Storing chord 3 for progression 'erty' with id 7c800dd2-28db-4d06-a5dc-d5a8d5df8e3a...","level":"info"}
{"message":"Storing chord 4 for progression 'erty' with id 7c800dd2-28db-4d06-a5dc-d5a8d5df8e3a...","level":"info"}
{"message":"Storing chord 5 for progression 'erty' with id 7c800dd2-28db-4d06-a5dc-d5a8d5df8e3a...","level":"info"}
{"message":"Storing chord 6 for progression 'erty' with id 7c800dd2-28db-4d06-a5dc-d5a8d5df8e3a...","level":"info"}
{"message":"Progression with id 07eceb4e-da3f-4124-934b-656024133f3e stored.","level":"info"}
{"message":"Storing chord 0 for progression 'test' with id 07eceb4e-da3f-4124-934b-656024133f3e...","level":"info"}
{"message":"Storing chord 1 for progression 'test' with id 07eceb4e-da3f-4124-934b-656024133f3e...","level":"info"}
{"message":"Storing chord 2 for progression 'test' with id 07eceb4e-da3f-4124-934b-656024133f3e...","level":"info"}
{"message":"Storing chord 5 for progression 'test' with id 07eceb4e-da3f-4124-934b-656024133f3e...","level":"info"}
{"message":"Storing chord 6 for progression 'test' with id 07eceb4e-da3f-4124-934b-656024133f3e...","level":"info"}
{"message":"Storing chord 3 for progression 'test' with id 07eceb4e-da3f-4124-934b-656024133f3e...","level":"info"}
{"message":"Storing chord 4 for progression 'test' with id 07eceb4e-da3f-4124-934b-656024133f3e...","level":"info"}
{"message":"Progression with id cfdcfde3-c3e3-47ce-b1e5-00961780f346 stored.","level":"info"}
{"message":"Storing chord 2 for progression 'test' with id cfdcfde3-c3e3-47ce-b1e5-00961780f346...","level":"info"}
{"message":"Storing chord 0 for progression 'test' with id cfdcfde3-c3e3-47ce-b1e5-00961780f346...","level":"info"}
{"message":"Storing chord 1 for progression 'test' with id cfdcfde3-c3e3-47ce-b1e5-00961780f346...","level":"info"}
{"message":"Storing chord 3 for progression 'test' with id cfdcfde3-c3e3-47ce-b1e5-00961780f346...","level":"info"}
{"message":"Storing chord 5 for progression 'test' with id cfdcfde3-c3e3-47ce-b1e5-00961780f346...","level":"info"}
{"message":"Storing chord 6 for progression 'test' with id cfdcfde3-c3e3-47ce-b1e5-00961780f346...","level":"info"}
{"message":"Storing chord 4 for progression 'test' with id cfdcfde3-c3e3-47ce-b1e5-00961780f346...","level":"info"}
{"message":"Progression with id 53db53cc-4ed8-4ea5-b827-be35ac09071d stored.","level":"info"}
{"message":"Storing chord 0 for progression 'swag' with id 53db53cc-4ed8-4ea5-b827-be35ac09071d...","level":"info"}
{"message":"Storing chord 4 for progression 'swag' with id 53db53cc-4ed8-4ea5-b827-be35ac09071d...","level":"info"}
{"message":"Storing chord 3 for progression 'swag' with id 53db53cc-4ed8-4ea5-b827-be35ac09071d...","level":"info"}
{"message":"Storing chord 1 for progression 'swag' with id 53db53cc-4ed8-4ea5-b827-be35ac09071d...","level":"info"}
{"message":"Storing chord 2 for progression 'swag' with id 53db53cc-4ed8-4ea5-b827-be35ac09071d...","level":"info"}
{"message":"Storing chord 5 for progression 'swag' with id 53db53cc-4ed8-4ea5-b827-be35ac09071d...","level":"info"}
{"message":"Storing chord 6 for progression 'swag' with id 53db53cc-4ed8-4ea5-b827-be35ac09071d...","level":"info"}
{"message":"Progression with id e973c214-e0e6-4068-a89c-11b7a5c275c9 stored.","level":"info"}
{"message":"Storing chord 0 for progression 'test' with id e973c214-e0e6-4068-a89c-11b7a5c275c9...","level":"info"}
{"message":"Storing chord 1 for progression 'test' with id e973c214-e0e6-4068-a89c-11b7a5c275c9...","level":"info"}
{"message":"Storing chord 2 for progression 'test' with id e973c214-e0e6-4068-a89c-11b7a5c275c9...","level":"info"}
{"message":"Storing chord 3 for progression 'test' with id e973c214-e0e6-4068-a89c-11b7a5c275c9...","level":"info"}
{"message":"Storing chord 4 for progression 'test' with id e973c214-e0e6-4068-a89c-11b7a5c275c9...","level":"info"}
{"message":"Storing chord 6 for progression 'test' with id e973c214-e0e6-4068-a89c-11b7a5c275c9...","level":"info"}
{"message":"Storing chord 5 for progression 'test' with id e973c214-e0e6-4068-a89c-11b7a5c275c9...","level":"info"}
{"message":"Progression with id 71bbd819-0233-4d44-a7d3-992698d0a43f stored.","level":"info"}
{"message":"Storing chord 0 for progression 'test' with id 71bbd819-0233-4d44-a7d3-992698d0a43f...","level":"info"}
{"message":"Storing chord 1 for progression 'test' with id 71bbd819-0233-4d44-a7d3-992698d0a43f...","level":"info"}
{"message":"Storing chord 3 for progression 'test' with id 71bbd819-0233-4d44-a7d3-992698d0a43f...","level":"info"}
{"message":"Storing chord 2 for progression 'test' with id 71bbd819-0233-4d44-a7d3-992698d0a43f...","level":"info"}
{"message":"Storing chord 4 for progression 'test' with id 71bbd819-0233-4d44-a7d3-992698d0a43f...","level":"info"}
{"message":"Storing chord 5 for progression 'test' with id 71bbd819-0233-4d44-a7d3-992698d0a43f...","level":"info"}
{"message":"Storing chord 6 for progression 'test' with id 71bbd819-0233-4d44-a7d3-992698d0a43f...","level":"info"}
{"message":"Progression with id d170a247-1fc6-4fca-81b6-5fec5300b325 stored.","level":"info"}
{"message":"Storing chord 0 for progression 'asdf' with id d170a247-1fc6-4fca-81b6-5fec5300b325...","level":"info"}
{"message":"Storing chord 1 for progression 'asdf' with id d170a247-1fc6-4fca-81b6-5fec5300b325...","level":"info"}
{"message":"Storing chord 3 for progression 'asdf' with id d170a247-1fc6-4fca-81b6-5fec5300b325...","level":"info"}
{"message":"Storing chord 4 for progression 'asdf' with id d170a247-1fc6-4fca-81b6-5fec5300b325...","level":"info"}
{"message":"Storing chord 2 for progression 'asdf' with id d170a247-1fc6-4fca-81b6-5fec5300b325...","level":"info"}
{"message":"Storing chord 6 for progression 'asdf' with id d170a247-1fc6-4fca-81b6-5fec5300b325...","level":"info"}
{"message":"Storing chord 5 for progression 'asdf' with id d170a247-1fc6-4fca-81b6-5fec5300b325...","level":"info"}
{"message":"Progression with id b81a2366-3318-4915-ab13-1d528a1fdcd0 stored.","level":"info"}
{"message":"Storing chord 0 for progression 'dfghdfgh' with id b81a2366-3318-4915-ab13-1d528a1fdcd0...","level":"info"}
{"message":"Storing chord 1 for progression 'dfghdfgh' with id b81a2366-3318-4915-ab13-1d528a1fdcd0...","level":"info"}
{"message":"Storing chord 3 for progression 'dfghdfgh' with id b81a2366-3318-4915-ab13-1d528a1fdcd0...","level":"info"}
{"message":"Storing chord 2 for progression 'dfghdfgh' with id b81a2366-3318-4915-ab13-1d528a1fdcd0...","level":"info"}
{"message":"Storing chord 5 for progression 'dfghdfgh' with id b81a2366-3318-4915-ab13-1d528a1fdcd0...","level":"info"}
{"message":"Storing chord 4 for progression 'dfghdfgh' with id b81a2366-3318-4915-ab13-1d528a1fdcd0...","level":"info"}
{"message":"Storing chord 6 for progression 'dfghdfgh' with id b81a2366-3318-4915-ab13-1d528a1fdcd0...","level":"info"}
{"message":"Progression with id 2fc4b011-34d6-44c1-ae2b-68244d80c39e stored.","level":"info"}
{"message":"Storing chord 0 for progression 'sfgh' with id 2fc4b011-34d6-44c1-ae2b-68244d80c39e...","level":"info"}
{"message":"Storing chord 3 for progression 'sfgh' with id 2fc4b011-34d6-44c1-ae2b-68244d80c39e...","level":"info"}
{"message":"Storing chord 6 for progression 'sfgh' with id 2fc4b011-34d6-44c1-ae2b-68244d80c39e...","level":"info"}
{"message":"Storing chord 1 for progression 'sfgh' with id 2fc4b011-34d6-44c1-ae2b-68244d80c39e...","level":"info"}
{"message":"Storing chord 4 for progression 'sfgh' with id 2fc4b011-34d6-44c1-ae2b-68244d80c39e...","level":"info"}
{"message":"Storing chord 5 for progression 'sfgh' with id 2fc4b011-34d6-44c1-ae2b-68244d80c39e...","level":"info"}
{"message":"Storing chord 2 for progression 'sfgh' with id 2fc4b011-34d6-44c1-ae2b-68244d80c39e...","level":"info"}
{"message":"Progression with id 7c1b8f74-e18a-4ca0-a779-f56aa184401e stored.","level":"info"}
{"message":"Storing chord 0 for progression 'cxvb' with id 7c1b8f74-e18a-4ca0-a779-f56aa184401e...","level":"info"}
{"message":"Storing chord 3 for progression 'cxvb' with id 7c1b8f74-e18a-4ca0-a779-f56aa184401e...","level":"info"}
{"message":"Storing chord 1 for progression 'cxvb' with id 7c1b8f74-e18a-4ca0-a779-f56aa184401e...","level":"info"}
{"message":"Storing chord 2 for progression 'cxvb' with id 7c1b8f74-e18a-4ca0-a779-f56aa184401e...","level":"info"}
{"message":"Storing chord 4 for progression 'cxvb' with id 7c1b8f74-e18a-4ca0-a779-f56aa184401e...","level":"info"}
{"message":"Storing chord 6 for progression 'cxvb' with id 7c1b8f74-e18a-4ca0-a779-f56aa184401e...","level":"info"}
{"message":"Storing chord 5 for progression 'cxvb' with id 7c1b8f74-e18a-4ca0-a779-f56aa184401e...","level":"info"}
{"message":"Progression with id e4533f17-5f52-4a80-a0be-4292d69bed5c stored.","level":"info"}
{"message":"Storing chord 0 for progression 'bbbbb' with id e4533f17-5f52-4a80-a0be-4292d69bed5c...","level":"info"}
{"message":"Storing chord 4 for progression 'bbbbb' with id e4533f17-5f52-4a80-a0be-4292d69bed5c...","level":"info"}
{"message":"Storing chord 2 for progression 'bbbbb' with id e4533f17-5f52-4a80-a0be-4292d69bed5c...","level":"info"}
{"message":"Storing chord 3 for progression 'bbbbb' with id e4533f17-5f52-4a80-a0be-4292d69bed5c...","level":"info"}
{"message":"Storing chord 1 for progression 'bbbbb' with id e4533f17-5f52-4a80-a0be-4292d69bed5c...","level":"info"}
{"message":"Storing chord 5 for progression 'bbbbb' with id e4533f17-5f52-4a80-a0be-4292d69bed5c...","level":"info"}
{"message":"Storing chord 6 for progression 'bbbbb' with id e4533f17-5f52-4a80-a0be-4292d69bed5c...","level":"info"}
{"message":"Progression with id 894e7c47-49d6-4f4c-9430-c9cb67e906ef stored.","level":"info"}
{"message":"Storing chord 3 for progression 'ccccc' with id 894e7c47-49d6-4f4c-9430-c9cb67e906ef...","level":"info"}
{"message":"Storing chord 0 for progression 'ccccc' with id 894e7c47-49d6-4f4c-9430-c9cb67e906ef...","level":"info"}
{"message":"Storing chord 2 for progression 'ccccc' with id 894e7c47-49d6-4f4c-9430-c9cb67e906ef...","level":"info"}
{"message":"Storing chord 1 for progression 'ccccc' with id 894e7c47-49d6-4f4c-9430-c9cb67e906ef...","level":"info"}
{"message":"Storing chord 5 for progression 'ccccc' with id 894e7c47-49d6-4f4c-9430-c9cb67e906ef...","level":"info"}
{"message":"Storing chord 4 for progression 'ccccc' with id 894e7c47-49d6-4f4c-9430-c9cb67e906ef...","level":"info"}
{"message":"Storing chord 6 for progression 'ccccc' with id 894e7c47-49d6-4f4c-9430-c9cb67e906ef...","level":"info"}
{"message":"Progression with id b145d3d8-ffcd-4d3c-8bd5-10a580391d84 stored.","level":"info"}
{"message":"Storing chord 0 for progression 'rrrrr' with id b145d3d8-ffcd-4d3c-8bd5-10a580391d84...","level":"info"}
{"message":"Storing chord 1 for progression 'rrrrr' with id b145d3d8-ffcd-4d3c-8bd5-10a580391d84...","level":"info"}
{"message":"Storing chord 4 for progression 'rrrrr' with id b145d3d8-ffcd-4d3c-8bd5-10a580391d84...","level":"info"}
{"message":"Storing chord 2 for progression 'rrrrr' with id b145d3d8-ffcd-4d3c-8bd5-10a580391d84...","level":"info"}
{"message":"Storing chord 3 for progression 'rrrrr' with id b145d3d8-ffcd-4d3c-8bd5-10a580391d84...","level":"info"}
{"message":"Storing chord 6 for progression 'rrrrr' with id b145d3d8-ffcd-4d3c-8bd5-10a580391d84...","level":"info"}
{"message":"Storing chord 5 for progression 'rrrrr' with id b145d3d8-ffcd-4d3c-8bd5-10a580391d84...","level":"info"}
{"message":"Progression with id c038278c-400e-4f1c-9ad0-5db6c2329f36 stored.","level":"info"}
{"message":"Storing chord 0 for progression 'aaaaa' with id c038278c-400e-4f1c-9ad0-5db6c2329f36...","level":"info"}
{"message":"Storing chord 1 for progression 'aaaaa' with id c038278c-400e-4f1c-9ad0-5db6c2329f36...","level":"info"}
{"message":"Storing chord 6 for progression 'aaaaa' with id c038278c-400e-4f1c-9ad0-5db6c2329f36...","level":"info"}
{"message":"Storing chord 2 for progression 'aaaaa' with id c038278c-400e-4f1c-9ad0-5db6c2329f36...","level":"info"}
{"message":"Storing chord 3 for progression 'aaaaa' with id c038278c-400e-4f1c-9ad0-5db6c2329f36...","level":"info"}
{"message":"Storing chord 5 for progression 'aaaaa' with id c038278c-400e-4f1c-9ad0-5db6c2329f36...","level":"info"}
{"message":"Storing chord 4 for progression 'aaaaa' with id c038278c-400e-4f1c-9ad0-5db6c2329f36...","level":"info"}
{"message":"Progression with id b2abbedf-273d-4b0b-a094-c3523dbc82d9 stored.","level":"info"}
{"message":"Storing chord 0 for progression 'aaaaa' with id b2abbedf-273d-4b0b-a094-c3523dbc82d9...","level":"info"}
{"message":"Storing chord 1 for progression 'aaaaa' with id b2abbedf-273d-4b0b-a094-c3523dbc82d9...","level":"info"}
{"message":"Storing chord 5 for progression 'aaaaa' with id b2abbedf-273d-4b0b-a094-c3523dbc82d9...","level":"info"}
{"message":"Storing chord 3 for progression 'aaaaa' with id b2abbedf-273d-4b0b-a094-c3523dbc82d9...","level":"info"}
{"message":"Storing chord 2 for progression 'aaaaa' with id b2abbedf-273d-4b0b-a094-c3523dbc82d9...","level":"info"}
{"message":"Storing chord 4 for progression 'aaaaa' with id b2abbedf-273d-4b0b-a094-c3523dbc82d9...","level":"info"}
{"message":"Storing chord 6 for progression 'aaaaa' with id b2abbedf-273d-4b0b-a094-c3523dbc82d9...","level":"info"}
{"message":"Progression with id 17afc089-b119-4976-9e0a-b445cd8ce8ee stored.","level":"info"}
{"message":"Storing chord 0 for progression 'new pop banger' with id 17afc089-b119-4976-9e0a-b445cd8ce8ee...","level":"info"}
{"message":"Storing chord 1 for progression 'new pop banger' with id 17afc089-b119-4976-9e0a-b445cd8ce8ee...","level":"info"}
{"message":"Storing chord 3 for progression 'new pop banger' with id 17afc089-b119-4976-9e0a-b445cd8ce8ee...","level":"info"}
{"message":"Storing chord 2 for progression 'new pop banger' with id 17afc089-b119-4976-9e0a-b445cd8ce8ee...","level":"info"}
{"message":"Storing chord 4 for progression 'new pop banger' with id 17afc089-b119-4976-9e0a-b445cd8ce8ee...","level":"info"}
{"message":"Storing chord 5 for progression 'new pop banger' with id 17afc089-b119-4976-9e0a-b445cd8ce8ee...","level":"info"}
{"message":"Storing chord 6 for progression 'new pop banger' with id 17afc089-b119-4976-9e0a-b445cd8ce8ee...","level":"info"}
{"message":"Progression with id 4c0591aa-bb96-4b63-b2cd-1da25edb46b4 stored.","level":"info"}
{"message":"Storing chord 0 for progression 'aaaaa' with id 4c0591aa-bb96-4b63-b2cd-1da25edb46b4...","level":"info"}
{"message":"Storing chord 1 for progression 'aaaaa' with id 4c0591aa-bb96-4b63-b2cd-1da25edb46b4...","level":"info"}
{"message":"Storing chord 2 for progression 'aaaaa' with id 4c0591aa-bb96-4b63-b2cd-1da25edb46b4...","level":"info"}
{"message":"Storing chord 4 for progression 'aaaaa' with id 4c0591aa-bb96-4b63-b2cd-1da25edb46b4...","level":"info"}
{"message":"Storing chord 3 for progression 'aaaaa' with id 4c0591aa-bb96-4b63-b2cd-1da25edb46b4...","level":"info"}
{"message":"Storing chord 6 for progression 'aaaaa' with id 4c0591aa-bb96-4b63-b2cd-1da25edb46b4...","level":"info"}
{"message":"Storing chord 5 for progression 'aaaaa' with id 4c0591aa-bb96-4b63-b2cd-1da25edb46b4...","level":"info"}
{"message":"Progression with id 6220cc6c-da24-466f-8ff1-b134a02e76a4 stored.","level":"info"}
{"message":"Storing chord 0 for progression 'aaaaa' with id 6220cc6c-da24-466f-8ff1-b134a02e76a4...","level":"info"}
{"message":"Storing chord 1 for progression 'aaaaa' with id 6220cc6c-da24-466f-8ff1-b134a02e76a4...","level":"info"}
{"message":"Storing chord 2 for progression 'aaaaa' with id 6220cc6c-da24-466f-8ff1-b134a02e76a4...","level":"info"}
{"message":"Storing chord 3 for progression 'aaaaa' with id 6220cc6c-da24-466f-8ff1-b134a02e76a4...","level":"info"}
{"message":"Storing chord 4 for progression 'aaaaa' with id 6220cc6c-da24-466f-8ff1-b134a02e76a4...","level":"info"}
{"message":"Storing chord 5 for progression 'aaaaa' with id 6220cc6c-da24-466f-8ff1-b134a02e76a4...","level":"info"}
{"message":"Storing chord 6 for progression 'aaaaa' with id 6220cc6c-da24-466f-8ff1-b134a02e76a4...","level":"info"}
{"message":"Progression with id 309bc4e6-ae74-42ae-98df-88afed1c4fb0 stored.","level":"info"}
{"message":"Storing chord 0 for progression 'aaaaa' with id 309bc4e6-ae74-42ae-98df-88afed1c4fb0...","level":"info"}
{"message":"Storing chord 1 for progression 'aaaaa' with id 309bc4e6-ae74-42ae-98df-88afed1c4fb0...","level":"info"}
{"message":"Storing chord 2 for progression 'aaaaa' with id 309bc4e6-ae74-42ae-98df-88afed1c4fb0...","level":"info"}
{"message":"Storing chord 3 for progression 'aaaaa' with id 309bc4e6-ae74-42ae-98df-88afed1c4fb0...","level":"info"}
{"message":"Storing chord 4 for progression 'aaaaa' with id 309bc4e6-ae74-42ae-98df-88afed1c4fb0...","level":"info"}
{"message":"Storing chord 5 for progression 'aaaaa' with id 309bc4e6-ae74-42ae-98df-88afed1c4fb0...","level":"info"}
{"message":"Storing chord 6 for progression 'aaaaa' with id 309bc4e6-ae74-42ae-98df-88afed1c4fb0...","level":"info"}
{"message":"Progression with id fccbb118-ec34-41c8-8624-2dc715e4201b stored.","level":"info"}
{"message":"Storing chord 0 for progression 'aaaaa' with id fccbb118-ec34-41c8-8624-2dc715e4201b...","level":"info"}
{"message":"Storing chord 1 for progression 'aaaaa' with id fccbb118-ec34-41c8-8624-2dc715e4201b...","level":"info"}
{"message":"Storing chord 2 for progression 'aaaaa' with id fccbb118-ec34-41c8-8624-2dc715e4201b...","level":"info"}
{"message":"Storing chord 3 for progression 'aaaaa' with id fccbb118-ec34-41c8-8624-2dc715e4201b...","level":"info"}
{"message":"Storing chord 4 for progression 'aaaaa' with id fccbb118-ec34-41c8-8624-2dc715e4201b...","level":"info"}
{"message":"Storing chord 5 for progression 'aaaaa' with id fccbb118-ec34-41c8-8624-2dc715e4201b...","level":"info"}
{"message":"Storing chord 6 for progression 'aaaaa' with id fccbb118-ec34-41c8-8624-2dc715e4201b...","level":"info"}
{"message":"Progression with id 478d7365-4588-433e-9ab3-2f94c3194fd4 stored.","level":"info"}
{"message":"Storing chord 0 for progression 'aaaaa' with id 478d7365-4588-433e-9ab3-2f94c3194fd4...","level":"info"}
{"message":"Storing chord 1 for progression 'aaaaa' with id 478d7365-4588-433e-9ab3-2f94c3194fd4...","level":"info"}
{"message":"Storing chord 2 for progression 'aaaaa' with id 478d7365-4588-433e-9ab3-2f94c3194fd4...","level":"info"}
{"message":"Storing chord 3 for progression 'aaaaa' with id 478d7365-4588-433e-9ab3-2f94c3194fd4...","level":"info"}
{"message":"Storing chord 4 for progression 'aaaaa' with id 478d7365-4588-433e-9ab3-2f94c3194fd4...","level":"info"}
{"message":"Storing chord 5 for progression 'aaaaa' with id 478d7365-4588-433e-9ab3-2f94c3194fd4...","level":"info"}
{"message":"Storing chord 6 for progression 'aaaaa' with id 478d7365-4588-433e-9ab3-2f94c3194fd4...","level":"info"}
{"message":"Progression with id 75491829-bdca-48af-ba48-6dbf0540a9bd stored.","level":"info"}
{"message":"Storing chord 0 for progression 'aaaaa' with id 75491829-bdca-48af-ba48-6dbf0540a9bd...","level":"info"}
{"message":"Storing chord 1 for progression 'aaaaa' with id 75491829-bdca-48af-ba48-6dbf0540a9bd...","level":"info"}
{"message":"Storing chord 2 for progression 'aaaaa' with id 75491829-bdca-48af-ba48-6dbf0540a9bd...","level":"info"}
{"message":"Storing chord 3 for progression 'aaaaa' with id 75491829-bdca-48af-ba48-6dbf0540a9bd...","level":"info"}
{"message":"Storing chord 4 for progression 'aaaaa' with id 75491829-bdca-48af-ba48-6dbf0540a9bd...","level":"info"}
{"message":"Storing chord 5 for progression 'aaaaa' with id 75491829-bdca-48af-ba48-6dbf0540a9bd...","level":"info"}
{"message":"Storing chord 6 for progression 'aaaaa' with id 75491829-bdca-48af-ba48-6dbf0540a9bd...","level":"info"}
{"message":"Progression with id 57a7917d-1468-4b14-b61b-926fc7d23ead stored.","level":"info"}
{"message":"Storing chord 0 for progression 'aaaaa' with id 57a7917d-1468-4b14-b61b-926fc7d23ead...","level":"info"}
{"message":"Storing chord 1 for progression 'aaaaa' with id 57a7917d-1468-4b14-b61b-926fc7d23ead...","level":"info"}
{"message":"Storing chord 2 for progression 'aaaaa' with id 57a7917d-1468-4b14-b61b-926fc7d23ead...","level":"info"}
{"message":"Storing chord 3 for progression 'aaaaa' with id 57a7917d-1468-4b14-b61b-926fc7d23ead...","level":"info"}
{"message":"Storing chord 4 for progression 'aaaaa' with id 57a7917d-1468-4b14-b61b-926fc7d23ead...","level":"info"}
{"message":"Storing chord 5 for progression 'aaaaa' with id 57a7917d-1468-4b14-b61b-926fc7d23ead...","level":"info"}
{"message":"Storing chord 6 for progression 'aaaaa' with id 57a7917d-1468-4b14-b61b-926fc7d23ead...","level":"info"}
{"message":"Progression with id 9147bfee-10fe-46fa-a1ea-1d1018aa7b94 stored.","level":"info"}
{"message":"Storing chord 0 for progression 'aaaaa' with id 9147bfee-10fe-46fa-a1ea-1d1018aa7b94...","level":"info"}
{"message":"Storing chord 1 for progression 'aaaaa' with id 9147bfee-10fe-46fa-a1ea-1d1018aa7b94...","level":"info"}
{"message":"Storing chord 2 for progression 'aaaaa' with id 9147bfee-10fe-46fa-a1ea-1d1018aa7b94...","level":"info"}
{"message":"Storing chord 3 for progression 'aaaaa' with id 9147bfee-10fe-46fa-a1ea-1d1018aa7b94...","level":"info"}
{"message":"Storing chord 4 for progression 'aaaaa' with id 9147bfee-10fe-46fa-a1ea-1d1018aa7b94...","level":"info"}
{"message":"Storing chord 5 for progression 'aaaaa' with id 9147bfee-10fe-46fa-a1ea-1d1018aa7b94...","level":"info"}
{"message":"Storing chord 6 for progression 'aaaaa' with id 9147bfee-10fe-46fa-a1ea-1d1018aa7b94...","level":"info"}
{"message":"Progression with id 04893801-757c-455c-9c8b-8eb7c2262443 stored.","level":"info"}
{"message":"Storing chord 0 for progression 'aaaaa' with id 04893801-757c-455c-9c8b-8eb7c2262443...","level":"info"}
{"message":"Storing chord 1 for progression 'aaaaa' with id 04893801-757c-455c-9c8b-8eb7c2262443...","level":"info"}
{"message":"Storing chord 2 for progression 'aaaaa' with id 04893801-757c-455c-9c8b-8eb7c2262443...","level":"info"}
{"message":"Storing chord 3 for progression 'aaaaa' with id 04893801-757c-455c-9c8b-8eb7c2262443...","level":"info"}
{"message":"Storing chord 4 for progression 'aaaaa' with id 04893801-757c-455c-9c8b-8eb7c2262443...","level":"info"}
{"message":"Storing chord 5 for progression 'aaaaa' with id 04893801-757c-455c-9c8b-8eb7c2262443...","level":"info"}
{"message":"Storing chord 6 for progression 'aaaaa' with id 04893801-757c-455c-9c8b-8eb7c2262443...","level":"info"}
{"message":"Progression with id b0a82c19-0eba-4136-8360-540d1078f2e6 stored.","level":"info"}
{"message":"Storing chord 0 for progression 'aaaaa' with id b0a82c19-0eba-4136-8360-540d1078f2e6...","level":"info"}
{"message":"Storing chord 1 for progression 'aaaaa' with id b0a82c19-0eba-4136-8360-540d1078f2e6...","level":"info"}
{"message":"Storing chord 2 for progression 'aaaaa' with id b0a82c19-0eba-4136-8360-540d1078f2e6...","level":"info"}
{"message":"Storing chord 3 for progression 'aaaaa' with id b0a82c19-0eba-4136-8360-540d1078f2e6...","level":"info"}
{"message":"Storing chord 4 for progression 'aaaaa' with id b0a82c19-0eba-4136-8360-540d1078f2e6...","level":"info"}
{"message":"Storing chord 5 for progression 'aaaaa' with id b0a82c19-0eba-4136-8360-540d1078f2e6...","level":"info"}
{"message":"Storing chord 6 for progression 'aaaaa' with id b0a82c19-0eba-4136-8360-540d1078f2e6...","level":"info"}
{"message":"Progression with id 9ada984c-e40b-48c8-b900-e6ec8e953294 stored.","level":"info"}
{"message":"Storing chord 0 for progression 'aaaaa' with id 9ada984c-e40b-48c8-b900-e6ec8e953294...","level":"info"}
{"message":"Storing chord 1 for progression 'aaaaa' with id 9ada984c-e40b-48c8-b900-e6ec8e953294...","level":"info"}
{"message":"Storing chord 2 for progression 'aaaaa' with id 9ada984c-e40b-48c8-b900-e6ec8e953294...","level":"info"}
{"message":"Storing chord 3 for progression 'aaaaa' with id 9ada984c-e40b-48c8-b900-e6ec8e953294...","level":"info"}
{"message":"Storing chord 4 for progression 'aaaaa' with id 9ada984c-e40b-48c8-b900-e6ec8e953294...","level":"info"}
{"message":"Storing chord 5 for progression 'aaaaa' with id 9ada984c-e40b-48c8-b900-e6ec8e953294...","level":"info"}
{"message":"Storing chord 6 for progression 'aaaaa' with id 9ada984c-e40b-48c8-b900-e6ec8e953294...","level":"info"}
{"message":"Progression with id 152c6645-67d5-4b61-99d1-2340a2cd4ca6 stored.","level":"info"}
{"message":"Storing chord 0 for progression 'new pop banger' with id 152c6645-67d5-4b61-99d1-2340a2cd4ca6...","level":"info"}
{"message":"Storing chord 1 for progression 'new pop banger' with id 152c6645-67d5-4b61-99d1-2340a2cd4ca6...","level":"info"}
{"message":"Storing chord 2 for progression 'new pop banger' with id 152c6645-67d5-4b61-99d1-2340a2cd4ca6...","level":"info"}
{"message":"Storing chord 3 for progression 'new pop banger' with id 152c6645-67d5-4b61-99d1-2340a2cd4ca6...","level":"info"}
{"message":"Storing chord 4 for progression 'new pop banger' with id 152c6645-67d5-4b61-99d1-2340a2cd4ca6...","level":"info"}
{"message":"Storing chord 5 for progression 'new pop banger' with id 152c6645-67d5-4b61-99d1-2340a2cd4ca6...","level":"info"}
{"message":"Storing chord 6 for progression 'new pop banger' with id 152c6645-67d5-4b61-99d1-2340a2cd4ca6...","level":"info"}
{"message":"Progression with id 7003afc6-6b22-42ba-bedd-1d049e5867c6 stored.","level":"info"}
{"message":"Storing chord 0 for progression 'asdf' with id 7003afc6-6b22-42ba-bedd-1d049e5867c6...","level":"info"}
{"message":"Storing chord 5 for progression 'asdf' with id 7003afc6-6b22-42ba-bedd-1d049e5867c6...","level":"info"}
{"message":"Storing chord 1 for progression 'asdf' with id 7003afc6-6b22-42ba-bedd-1d049e5867c6...","level":"info"}
{"message":"Storing chord 2 for progression 'asdf' with id 7003afc6-6b22-42ba-bedd-1d049e5867c6...","level":"info"}
{"message":"Storing chord 4 for progression 'asdf' with id 7003afc6-6b22-42ba-bedd-1d049e5867c6...","level":"info"}
{"message":"Storing chord 3 for progression 'asdf' with id 7003afc6-6b22-42ba-bedd-1d049e5867c6...","level":"info"}
{"message":"Storing chord 6 for progression 'asdf' with id 7003afc6-6b22-42ba-bedd-1d049e5867c6...","level":"info"}
{"message":"Progression with id 964cf37e-4670-4cad-bf7d-2c0ebd92d9c1 stored.","level":"info"}
{"message":"Storing chord 1 for progression 'asdf' with id 964cf37e-4670-4cad-bf7d-2c0ebd92d9c1...","level":"info"}
{"message":"Storing chord 2 for progression 'asdf' with id 964cf37e-4670-4cad-bf7d-2c0ebd92d9c1...","level":"info"}
{"message":"Storing chord 3 for progression 'asdf' with id 964cf37e-4670-4cad-bf7d-2c0ebd92d9c1...","level":"info"}
{"message":"Storing chord 0 for progression 'asdf' with id 964cf37e-4670-4cad-bf7d-2c0ebd92d9c1...","level":"info"}
{"message":"Storing chord 4 for progression 'asdf' with id 964cf37e-4670-4cad-bf7d-2c0ebd92d9c1...","level":"info"}
{"message":"Storing chord 5 for progression 'asdf' with id 964cf37e-4670-4cad-bf7d-2c0ebd92d9c1...","level":"info"}
{"message":"Storing chord 6 for progression 'asdf' with id 964cf37e-4670-4cad-bf7d-2c0ebd92d9c1...","level":"info"}
{"message":"Progression with id 50787d39-d3b7-4f5f-a6f8-4046ce6e27b6 stored.","level":"info"}
{"message":"Storing chord 0 for progression 'asdf' with id 50787d39-d3b7-4f5f-a6f8-4046ce6e27b6...","level":"info"}
{"message":"Storing chord 1 for progression 'asdf' with id 50787d39-d3b7-4f5f-a6f8-4046ce6e27b6...","level":"info"}
{"message":"Storing chord 2 for progression 'asdf' with id 50787d39-d3b7-4f5f-a6f8-4046ce6e27b6...","level":"info"}
{"message":"Storing chord 3 for progression 'asdf' with id 50787d39-d3b7-4f5f-a6f8-4046ce6e27b6...","level":"info"}
{"message":"Storing chord 4 for progression 'asdf' with id 50787d39-d3b7-4f5f-a6f8-4046ce6e27b6...","level":"info"}
{"message":"Storing chord 5 for progression 'asdf' with id 50787d39-d3b7-4f5f-a6f8-4046ce6e27b6...","level":"info"}
{"message":"Storing chord 6 for progression 'asdf' with id 50787d39-d3b7-4f5f-a6f8-4046ce6e27b6...","level":"info"}
{"message":"Progression with id 4e7611cb-f0cc-4fa6-9d88-286e00ec6cc4 stored.","level":"info"}
{"message":"Storing chord 0 for progression 'asdf' with id 4e7611cb-f0cc-4fa6-9d88-286e00ec6cc4...","level":"info"}
{"message":"Storing chord 1 for progression 'asdf' with id 4e7611cb-f0cc-4fa6-9d88-286e00ec6cc4...","level":"info"}
{"message":"Storing chord 2 for progression 'asdf' with id 4e7611cb-f0cc-4fa6-9d88-286e00ec6cc4...","level":"info"}
{"message":"Storing chord 3 for progression 'asdf' with id 4e7611cb-f0cc-4fa6-9d88-286e00ec6cc4...","level":"info"}
{"message":"Storing chord 4 for progression 'asdf' with id 4e7611cb-f0cc-4fa6-9d88-286e00ec6cc4...","level":"info"}
{"message":"Storing chord 5 for progression 'asdf' with id 4e7611cb-f0cc-4fa6-9d88-286e00ec6cc4...","level":"info"}
{"message":"Storing chord 6 for progression 'asdf' with id 4e7611cb-f0cc-4fa6-9d88-286e00ec6cc4...","level":"info"}
{"message":"Progression with id fdd5f028-8cc0-423a-9de7-063e550ac0b4 stored.","level":"info"}
{"message":"Storing chord 0 for progression 'asdf' with id fdd5f028-8cc0-423a-9de7-063e550ac0b4...","level":"info"}
{"message":"Storing chord 1 for progression 'asdf' with id fdd5f028-8cc0-423a-9de7-063e550ac0b4...","level":"info"}
{"message":"Storing chord 3 for progression 'asdf' with id fdd5f028-8cc0-423a-9de7-063e550ac0b4...","level":"info"}
{"message":"Storing chord 2 for progression 'asdf' with id fdd5f028-8cc0-423a-9de7-063e550ac0b4...","level":"info"}
{"message":"Storing chord 4 for progression 'asdf' with id fdd5f028-8cc0-423a-9de7-063e550ac0b4...","level":"info"}
{"message":"Storing chord 5 for progression 'asdf' with id fdd5f028-8cc0-423a-9de7-063e550ac0b4...","level":"info"}
{"message":"Storing chord 6 for progression 'asdf' with id fdd5f028-8cc0-423a-9de7-063e550ac0b4...","level":"info"}
{"message":"Progression with id faf9a694-9f7f-4bee-81c3-c5d95ab637d4 stored.","level":"info"}
{"message":"Storing chord 0 for progression 'uuuuuu' with id faf9a694-9f7f-4bee-81c3-c5d95ab637d4...","level":"info"}
{"message":"Storing chord 1 for progression 'uuuuuu' with id faf9a694-9f7f-4bee-81c3-c5d95ab637d4...","level":"info"}
{"message":"Storing chord 2 for progression 'uuuuuu' with id faf9a694-9f7f-4bee-81c3-c5d95ab637d4...","level":"info"}
{"message":"Storing chord 3 for progression 'uuuuuu' with id faf9a694-9f7f-4bee-81c3-c5d95ab637d4...","level":"info"}
{"message":"Storing chord 4 for progression 'uuuuuu' with id faf9a694-9f7f-4bee-81c3-c5d95ab637d4...","level":"info"}
{"message":"Storing chord 5 for progression 'uuuuuu' with id faf9a694-9f7f-4bee-81c3-c5d95ab637d4...","level":"info"}
{"message":"Storing chord 6 for progression 'uuuuuu' with id faf9a694-9f7f-4bee-81c3-c5d95ab637d4...","level":"info"}
{"message":"Progression with id f0412328-a90f-412e-b52d-7c2e152faf52 stored.","level":"info"}
{"message":"Storing chord 0 for progression 'new pop banger' with id f0412328-a90f-412e-b52d-7c2e152faf52...","level":"info"}
{"message":"Storing chord 1 for progression 'new pop banger' with id f0412328-a90f-412e-b52d-7c2e152faf52...","level":"info"}
{"message":"Storing chord 2 for progression 'new pop banger' with id f0412328-a90f-412e-b52d-7c2e152faf52...","level":"info"}
{"message":"Storing chord 3 for progression 'new pop banger' with id f0412328-a90f-412e-b52d-7c2e152faf52...","level":"info"}
{"message":"Storing chord 4 for progression 'new pop banger' with id f0412328-a90f-412e-b52d-7c2e152faf52...","level":"info"}
{"message":"Storing chord 5 for progression 'new pop banger' with id f0412328-a90f-412e-b52d-7c2e152faf52...","level":"info"}
{"message":"Storing chord 6 for progression 'new pop banger' with id f0412328-a90f-412e-b52d-7c2e152faf52...","level":"info"}
{"message":"Progression with id 748177ac-df75-476a-905f-a87548cf5a0e stored.","level":"info"}
{"message":"Storing chord 0 for progression 'new pop banger' with id 748177ac-df75-476a-905f-a87548cf5a0e...","level":"info"}
{"message":"Storing chord 1 for progression 'new pop banger' with id 748177ac-df75-476a-905f-a87548cf5a0e...","level":"info"}
{"message":"Storing chord 2 for progression 'new pop banger' with id 748177ac-df75-476a-905f-a87548cf5a0e...","level":"info"}
{"message":"Storing chord 4 for progression 'new pop banger' with id 748177ac-df75-476a-905f-a87548cf5a0e...","level":"info"}
{"message":"Storing chord 3 for progression 'new pop banger' with id 748177ac-df75-476a-905f-a87548cf5a0e...","level":"info"}
{"message":"Storing chord 6 for progression 'new pop banger' with id 748177ac-df75-476a-905f-a87548cf5a0e...","level":"info"}
{"message":"Storing chord 5 for progression 'new pop banger' with id 748177ac-df75-476a-905f-a87548cf5a0e...","level":"info"}
{"message":"Progression with id 511063a6-d34c-4ace-9120-2d95125f48c6 stored.","level":"info"}
{"message":"Storing chord 0 for progression 'new pop banger' with id 511063a6-d34c-4ace-9120-2d95125f48c6...","level":"info"}
{"message":"Storing chord 1 for progression 'new pop banger' with id 511063a6-d34c-4ace-9120-2d95125f48c6...","level":"info"}
{"message":"Storing chord 2 for progression 'new pop banger' with id 511063a6-d34c-4ace-9120-2d95125f48c6...","level":"info"}
{"message":"Storing chord 3 for progression 'new pop banger' with id 511063a6-d34c-4ace-9120-2d95125f48c6...","level":"info"}
{"message":"Storing chord 4 for progression 'new pop banger' with id 511063a6-d34c-4ace-9120-2d95125f48c6...","level":"info"}
{"message":"Storing chord 5 for progression 'new pop banger' with id 511063a6-d34c-4ace-9120-2d95125f48c6...","level":"info"}
{"message":"Storing chord 6 for progression 'new pop banger' with id 511063a6-d34c-4ace-9120-2d95125f48c6...","level":"info"}
{"message":"Progression with id 8a7fc1b2-7403-49b2-9fec-e5ae1c43c649 stored.","level":"info"}
{"message":"Storing chord 0 for progression 'bbbbb' with id 8a7fc1b2-7403-49b2-9fec-e5ae1c43c649...","level":"info"}
{"message":"Storing chord 1 for progression 'bbbbb' with id 8a7fc1b2-7403-49b2-9fec-e5ae1c43c649...","level":"info"}
{"message":"Storing chord 2 for progression 'bbbbb' with id 8a7fc1b2-7403-49b2-9fec-e5ae1c43c649...","level":"info"}
{"message":"Storing chord 3 for progression 'bbbbb' with id 8a7fc1b2-7403-49b2-9fec-e5ae1c43c649...","level":"info"}
{"message":"Storing chord 4 for progression 'bbbbb' with id 8a7fc1b2-7403-49b2-9fec-e5ae1c43c649...","level":"info"}
{"message":"Storing chord 5 for progression 'bbbbb' with id 8a7fc1b2-7403-49b2-9fec-e5ae1c43c649...","level":"info"}
{"message":"Storing chord 6 for progression 'bbbbb' with id 8a7fc1b2-7403-49b2-9fec-e5ae1c43c649...","level":"info"}
{"message":"Progression with id 75a63078-0b6a-42fa-834d-58c7ffa25077 stored.","level":"info"}
{"message":"Storing chord 0 for progression 'ccccc' with id 75a63078-0b6a-42fa-834d-58c7ffa25077...","level":"info"}
{"message":"Storing chord 2 for progression 'ccccc' with id 75a63078-0b6a-42fa-834d-58c7ffa25077...","level":"info"}
{"message":"Storing chord 3 for progression 'ccccc' with id 75a63078-0b6a-42fa-834d-58c7ffa25077...","level":"info"}
{"message":"Storing chord 1 for progression 'ccccc' with id 75a63078-0b6a-42fa-834d-58c7ffa25077...","level":"info"}
{"message":"Storing chord 4 for progression 'ccccc' with id 75a63078-0b6a-42fa-834d-58c7ffa25077...","level":"info"}
{"message":"Storing chord 5 for progression 'ccccc' with id 75a63078-0b6a-42fa-834d-58c7ffa25077...","level":"info"}
{"message":"Storing chord 6 for progression 'ccccc' with id 75a63078-0b6a-42fa-834d-58c7ffa25077...","level":"info"}
{"message":"Progression with id 2475b8ba-af5d-409e-9bc2-7e9e3660522f stored.","level":"info"}
{"message":"Storing chord 0 for progression 'ddddd' with id 2475b8ba-af5d-409e-9bc2-7e9e3660522f...","level":"info"}
{"message":"Storing chord 2 for progression 'ddddd' with id 2475b8ba-af5d-409e-9bc2-7e9e3660522f...","level":"info"}
{"message":"Storing chord 3 for progression 'ddddd' with id 2475b8ba-af5d-409e-9bc2-7e9e3660522f...","level":"info"}
{"message":"Storing chord 5 for progression 'ddddd' with id 2475b8ba-af5d-409e-9bc2-7e9e3660522f...","level":"info"}
{"message":"Storing chord 4 for progression 'ddddd' with id 2475b8ba-af5d-409e-9bc2-7e9e3660522f...","level":"info"}
{"message":"Storing chord 1 for progression 'ddddd' with id 2475b8ba-af5d-409e-9bc2-7e9e3660522f...","level":"info"}
{"message":"Storing chord 6 for progression 'ddddd' with id 2475b8ba-af5d-409e-9bc2-7e9e3660522f...","level":"info"}
{"message":"Progression with id ec258eac-c4d9-45db-83a2-967e0dc388f8 stored.","level":"info"}
{"message":"Storing chord 0 for progression 'ggggg' with id ec258eac-c4d9-45db-83a2-967e0dc388f8...","level":"info"}
{"message":"Storing chord 1 for progression 'ggggg' with id ec258eac-c4d9-45db-83a2-967e0dc388f8...","level":"info"}
{"message":"Storing chord 2 for progression 'ggggg' with id ec258eac-c4d9-45db-83a2-967e0dc388f8...","level":"info"}
{"message":"Storing chord 3 for progression 'ggggg' with id ec258eac-c4d9-45db-83a2-967e0dc388f8...","level":"info"}
{"message":"Storing chord 5 for progression 'ggggg' with id ec258eac-c4d9-45db-83a2-967e0dc388f8...","level":"info"}
{"message":"Storing chord 4 for progression 'ggggg' with id ec258eac-c4d9-45db-83a2-967e0dc388f8...","level":"info"}
{"message":"Storing chord 6 for progression 'ggggg' with id ec258eac-c4d9-45db-83a2-967e0dc388f8...","level":"info"}
{"message":"Progression with id ba9ee497-c0ea-450c-8e98-8a97c015c2f1 stored.","level":"info"}
{"message":"Storing chord 1 for progression 'eeeee' with id ba9ee497-c0ea-450c-8e98-8a97c015c2f1...","level":"info"}
{"message":"Storing chord 0 for progression 'eeeee' with id ba9ee497-c0ea-450c-8e98-8a97c015c2f1...","level":"info"}
{"message":"Storing chord 4 for progression 'eeeee' with id ba9ee497-c0ea-450c-8e98-8a97c015c2f1...","level":"info"}
{"message":"Storing chord 2 for progression 'eeeee' with id ba9ee497-c0ea-450c-8e98-8a97c015c2f1...","level":"info"}
{"message":"Storing chord 3 for progression 'eeeee' with id ba9ee497-c0ea-450c-8e98-8a97c015c2f1...","level":"info"}
{"message":"Storing chord 6 for progression 'eeeee' with id ba9ee497-c0ea-450c-8e98-8a97c015c2f1...","level":"info"}
{"message":"Storing chord 5 for progression 'eeeee' with id ba9ee497-c0ea-450c-8e98-8a97c015c2f1...","level":"info"}
{"message":"Progression with id 745f81c4-b6d4-4883-a830-d61566450979 stored.","level":"info"}
{"message":"Storing chord 1 for progression 'sssss' with id 745f81c4-b6d4-4883-a830-d61566450979...","level":"info"}
{"message":"Storing chord 0 for progression 'sssss' with id 745f81c4-b6d4-4883-a830-d61566450979...","level":"info"}
{"message":"Storing chord 2 for progression 'sssss' with id 745f81c4-b6d4-4883-a830-d61566450979...","level":"info"}
{"message":"Storing chord 3 for progression 'sssss' with id 745f81c4-b6d4-4883-a830-d61566450979...","level":"info"}
{"message":"Storing chord 5 for progression 'sssss' with id 745f81c4-b6d4-4883-a830-d61566450979...","level":"info"}
{"message":"Storing chord 6 for progression 'sssss' with id 745f81c4-b6d4-4883-a830-d61566450979...","level":"info"}
{"message":"Storing chord 4 for progression 'sssss' with id 745f81c4-b6d4-4883-a830-d61566450979...","level":"info"}
{"message":"Progression with id 0d948fa0-a12f-452a-94a8-49ff2eec00b8 stored.","level":"info"}
{"message":"Storing chord 0 for progression 'sadasdasd' with id 0d948fa0-a12f-452a-94a8-49ff2eec00b8...","level":"info"}
{"message":"Storing chord 2 for progression 'sadasdasd' with id 0d948fa0-a12f-452a-94a8-49ff2eec00b8...","level":"info"}
{"message":"Storing chord 4 for progression 'sadasdasd' with id 0d948fa0-a12f-452a-94a8-49ff2eec00b8...","level":"info"}
{"message":"Storing chord 1 for progression 'sadasdasd' with id 0d948fa0-a12f-452a-94a8-49ff2eec00b8...","level":"info"}
{"message":"Storing chord 5 for progression 'sadasdasd' with id 0d948fa0-a12f-452a-94a8-49ff2eec00b8...","level":"info"}
{"message":"Storing chord 3 for progression 'sadasdasd' with id 0d948fa0-a12f-452a-94a8-49ff2eec00b8...","level":"info"}
{"message":"Storing chord 6 for progression 'sadasdasd' with id 0d948fa0-a12f-452a-94a8-49ff2eec00b8...","level":"info"}
{"message":"Progression with id cacc7569-a026-44fa-8d72-6f0ef412398e stored.","level":"info"}
{"message":"Storing chord 2 for progression 'pppppp' with id cacc7569-a026-44fa-8d72-6f0ef412398e...","level":"info"}
{"message":"Storing chord 0 for progression 'pppppp' with id cacc7569-a026-44fa-8d72-6f0ef412398e...","level":"info"}
{"message":"Storing chord 1 for progression 'pppppp' with id cacc7569-a026-44fa-8d72-6f0ef412398e...","level":"info"}
{"message":"Storing chord 3 for progression 'pppppp' with id cacc7569-a026-44fa-8d72-6f0ef412398e...","level":"info"}
{"message":"Storing chord 4 for progression 'pppppp' with id cacc7569-a026-44fa-8d72-6f0ef412398e...","level":"info"}
{"message":"Storing chord 5 for progression 'pppppp' with id cacc7569-a026-44fa-8d72-6f0ef412398e...","level":"info"}
{"message":"Storing chord 6 for progression 'pppppp' with id cacc7569-a026-44fa-8d72-6f0ef412398e...","level":"info"}
{"message":"Progression with id 3d65c329-d607-49b5-8b16-062aeec6d782 stored.","level":"info"}
{"message":"Storing chord 0 for progression 'qqqqq' with id 3d65c329-d607-49b5-8b16-062aeec6d782...","level":"info"}
{"message":"Storing chord 4 for progression 'qqqqq' with id 3d65c329-d607-49b5-8b16-062aeec6d782...","level":"info"}
{"message":"Storing chord 1 for progression 'qqqqq' with id 3d65c329-d607-49b5-8b16-062aeec6d782...","level":"info"}
{"message":"Storing chord 2 for progression 'qqqqq' with id 3d65c329-d607-49b5-8b16-062aeec6d782...","level":"info"}
{"message":"Storing chord 3 for progression 'qqqqq' with id 3d65c329-d607-49b5-8b16-062aeec6d782...","level":"info"}
{"message":"Storing chord 6 for progression 'qqqqq' with id 3d65c329-d607-49b5-8b16-062aeec6d782...","level":"info"}
{"message":"Storing chord 5 for progression 'qqqqq' with id 3d65c329-d607-49b5-8b16-062aeec6d782...","level":"info"}
{"message":"Progression with id 7e156991-d6e4-433a-8ffc-f28400b5266a stored.","level":"info"}
{"message":"Storing chord 0 for progression 'aaaaa' with id 7e156991-d6e4-433a-8ffc-f28400b5266a...","level":"info"}
{"message":"Storing chord 3 for progression 'aaaaa' with id 7e156991-d6e4-433a-8ffc-f28400b5266a...","level":"info"}
{"message":"Storing chord 2 for progression 'aaaaa' with id 7e156991-d6e4-433a-8ffc-f28400b5266a...","level":"info"}
{"message":"Storing chord 5 for progression 'aaaaa' with id 7e156991-d6e4-433a-8ffc-f28400b5266a...","level":"info"}
{"message":"Storing chord 4 for progression 'aaaaa' with id 7e156991-d6e4-433a-8ffc-f28400b5266a...","level":"info"}
{"message":"Storing chord 1 for progression 'aaaaa' with id 7e156991-d6e4-433a-8ffc-f28400b5266a...","level":"info"}
{"message":"Storing chord 6 for progression 'aaaaa' with id 7e156991-d6e4-433a-8ffc-f28400b5266a...","level":"info"}
{"message":"Progression with id 225aaeef-559f-4191-a7df-532325530a6c stored.","level":"info"}
{"message":"Storing chord 0 for progression 'vvvvv' with id 225aaeef-559f-4191-a7df-532325530a6c...","level":"info"}
{"message":"Storing chord 4 for progression 'vvvvv' with id 225aaeef-559f-4191-a7df-532325530a6c...","level":"info"}
{"message":"Storing chord 3 for progression 'vvvvv' with id 225aaeef-559f-4191-a7df-532325530a6c...","level":"info"}
{"message":"Storing chord 1 for progression 'vvvvv' with id 225aaeef-559f-4191-a7df-532325530a6c...","level":"info"}
{"message":"Storing chord 2 for progression 'vvvvv' with id 225aaeef-559f-4191-a7df-532325530a6c...","level":"info"}
{"message":"Storing chord 5 for progression 'vvvvv' with id 225aaeef-559f-4191-a7df-532325530a6c...","level":"info"}
{"message":"Storing chord 6 for progression 'vvvvv' with id 225aaeef-559f-4191-a7df-532325530a6c...","level":"info"}
{"message":"Progression with id 08b550a1-0ad1-46a1-9f66-8de64ddea78c stored.","level":"info"}
{"message":"Storing chord 2 for progression 'kjhgksdjhfg' with id 08b550a1-0ad1-46a1-9f66-8de64ddea78c...","level":"info"}
{"message":"Storing chord 0 for progression 'kjhgksdjhfg' with id 08b550a1-0ad1-46a1-9f66-8de64ddea78c...","level":"info"}
{"message":"Storing chord 3 for progression 'kjhgksdjhfg' with id 08b550a1-0ad1-46a1-9f66-8de64ddea78c...","level":"info"}
{"message":"Storing chord 4 for progression 'kjhgksdjhfg' with id 08b550a1-0ad1-46a1-9f66-8de64ddea78c...","level":"info"}
{"message":"Storing chord 5 for progression 'kjhgksdjhfg' with id 08b550a1-0ad1-46a1-9f66-8de64ddea78c...","level":"info"}
{"message":"Storing chord 1 for progression 'kjhgksdjhfg' with id 08b550a1-0ad1-46a1-9f66-8de64ddea78c...","level":"info"}
{"message":"Storing chord 6 for progression 'kjhgksdjhfg' with id 08b550a1-0ad1-46a1-9f66-8de64ddea78c...","level":"info"}
{"message":"Progression with id 4a4e9797-abf9-4d7e-aa69-158968835ddc stored.","level":"info"}
{"message":"Storing chord 0 for progression 'swagger' with id 4a4e9797-abf9-4d7e-aa69-158968835ddc...","level":"info"}
{"message":"Storing chord 4 for progression 'swagger' with id 4a4e9797-abf9-4d7e-aa69-158968835ddc...","level":"info"}
{"message":"Storing chord 3 for progression 'swagger' with id 4a4e9797-abf9-4d7e-aa69-158968835ddc...","level":"info"}
{"message":"Storing chord 1 for progression 'swagger' with id 4a4e9797-abf9-4d7e-aa69-158968835ddc...","level":"info"}
{"message":"Storing chord 2 for progression 'swagger' with id 4a4e9797-abf9-4d7e-aa69-158968835ddc...","level":"info"}
{"message":"Storing chord 6 for progression 'swagger' with id 4a4e9797-abf9-4d7e-aa69-158968835ddc...","level":"info"}
{"message":"Storing chord 5 for progression 'swagger' with id 4a4e9797-abf9-4d7e-aa69-158968835ddc...","level":"info"}
{"message":"Progression with id 74cf4dfe-8948-4935-b782-a77047f389a9 stored.","level":"info"}
{"message":"Storing chord 0 for progression 'swerve' with id 74cf4dfe-8948-4935-b782-a77047f389a9...","level":"info"}
{"message":"Storing chord 4 for progression 'swerve' with id 74cf4dfe-8948-4935-b782-a77047f389a9...","level":"info"}
{"message":"Storing chord 3 for progression 'swerve' with id 74cf4dfe-8948-4935-b782-a77047f389a9...","level":"info"}
{"message":"Storing chord 2 for progression 'swerve' with id 74cf4dfe-8948-4935-b782-a77047f389a9...","level":"info"}
{"message":"Storing chord 1 for progression 'swerve' with id 74cf4dfe-8948-4935-b782-a77047f389a9...","level":"info"}
{"message":"Storing chord 6 for progression 'swerve' with id 74cf4dfe-8948-4935-b782-a77047f389a9...","level":"info"}
{"message":"Storing chord 5 for progression 'swerve' with id 74cf4dfe-8948-4935-b782-a77047f389a9...","level":"info"}
{"message":"Progression with id 8bd06c23-c5d4-4785-acff-5ce229ec4f6b stored.","level":"info"}
{"message":"Storing chord 3 for progression 'very nice!' with id 8bd06c23-c5d4-4785-acff-5ce229ec4f6b...","level":"info"}
{"message":"Storing chord 0 for progression 'very nice!' with id 8bd06c23-c5d4-4785-acff-5ce229ec4f6b...","level":"info"}
{"message":"Storing chord 1 for progression 'very nice!' with id 8bd06c23-c5d4-4785-acff-5ce229ec4f6b...","level":"info"}
{"message":"Storing chord 2 for progression 'very nice!' with id 8bd06c23-c5d4-4785-acff-5ce229ec4f6b...","level":"info"}
{"message":"Storing chord 4 for progression 'very nice!' with id 8bd06c23-c5d4-4785-acff-5ce229ec4f6b...","level":"info"}
{"message":"Storing chord 6 for progression 'very nice!' with id 8bd06c23-c5d4-4785-acff-5ce229ec4f6b...","level":"info"}
{"message":"Storing chord 5 for progression 'very nice!' with id 8bd06c23-c5d4-4785-acff-5ce229ec4f6b...","level":"info"}
{"message":"Overwriting chord 1 for progression 'B' with id 8bd06c23-c5d4-4785-acff-5ce229ec4f6b...","level":"info"}
{"message":"Overwriting chord 0 for progression 'E' with id 8bd06c23-c5d4-4785-acff-5ce229ec4f6b...","level":"info"}
{"message":"Overwriting chord 2 for progression 'G' with id 8bd06c23-c5d4-4785-acff-5ce229ec4f6b...","level":"info"}
{"message":"Overwriting chord 3 for progression 'C' with id 8bd06c23-c5d4-4785-acff-5ce229ec4f6b...","level":"info"}
{"message":"Overwriting chord 4 for progression 'G' with id 8bd06c23-c5d4-4785-acff-5ce229ec4f6b...","level":"info"}
{"message":"Overwriting chord 5 for progression 'B' with id 8bd06c23-c5d4-4785-acff-5ce229ec4f6b...","level":"info"}
{"message":"Overwriting chord 6 for progression 'C' with id 8bd06c23-c5d4-4785-acff-5ce229ec4f6b...","level":"info"}
{"message":"Overwriting chord 0 for progression 'E' with id 8bd06c23-c5d4-4785-acff-5ce229ec4f6b...","level":"info"}
{"message":"Overwriting chord 3 for progression 'C' with id 8bd06c23-c5d4-4785-acff-5ce229ec4f6b...","level":"info"}
{"message":"Overwriting chord 1 for progression 'B' with id 8bd06c23-c5d4-4785-acff-5ce229ec4f6b...","level":"info"}
{"message":"Overwriting chord 2 for progression 'G' with id 8bd06c23-c5d4-4785-acff-5ce229ec4f6b...","level":"info"}
{"message":"Overwriting chord 4 for progression 'G' with id 8bd06c23-c5d4-4785-acff-5ce229ec4f6b...","level":"info"}
{"message":"Overwriting chord 5 for progression 'B' with id 8bd06c23-c5d4-4785-acff-5ce229ec4f6b...","level":"info"}
{"message":"Overwriting chord 6 for progression 'C' with id 8bd06c23-c5d4-4785-acff-5ce229ec4f6b...","level":"info"}
{"message":"Progression with id 9d76ac1a-ec47-423a-a73c-8bbe19cdce14 stored.","level":"info"}
{"message":"Storing chord 0 for progression 'badda bing!' with id 9d76ac1a-ec47-423a-a73c-8bbe19cdce14...","level":"info"}
{"message":"Storing chord 2 for progression 'badda bing!' with id 9d76ac1a-ec47-423a-a73c-8bbe19cdce14...","level":"info"}
{"message":"Storing chord 3 for progression 'badda bing!' with id 9d76ac1a-ec47-423a-a73c-8bbe19cdce14...","level":"info"}
{"message":"Storing chord 5 for progression 'badda bing!' with id 9d76ac1a-ec47-423a-a73c-8bbe19cdce14...","level":"info"}
{"message":"Storing chord 4 for progression 'badda bing!' with id 9d76ac1a-ec47-423a-a73c-8bbe19cdce14...","level":"info"}
{"message":"Storing chord 1 for progression 'badda bing!' with id 9d76ac1a-ec47-423a-a73c-8bbe19cdce14...","level":"info"}
{"message":"Storing chord 6 for progression 'badda bing!' with id 9d76ac1a-ec47-423a-a73c-8bbe19cdce14...","level":"info"}
{"message":"Overwriting chord 0 for progression 'G' with id 8bd06c23-c5d4-4785-acff-5ce229ec4f6b...","level":"info"}
{"message":"Overwriting chord 1 for progression 'C' with id 8bd06c23-c5d4-4785-acff-5ce229ec4f6b...","level":"info"}
{"message":"Overwriting chord 6 for progression 'C' with id 8bd06c23-c5d4-4785-acff-5ce229ec4f6b...","level":"info"}
{"message":"Overwriting chord 5 for progression 'B' with id 8bd06c23-c5d4-4785-acff-5ce229ec4f6b...","level":"info"}
{"message":"Overwriting chord 4 for progression 'B' with id 8bd06c23-c5d4-4785-acff-5ce229ec4f6b...","level":"info"}
{"message":"Overwriting chord 2 for progression 'E' with id 8bd06c23-c5d4-4785-acff-5ce229ec4f6b...","level":"info"}
{"message":"Overwriting chord 3 for progression 'G' with id 8bd06c23-c5d4-4785-acff-5ce229ec4f6b...","level":"info"}
{"message":"Progression with id 4cc6667a-d7b6-4e17-b588-d328da4a71fc stored.","level":"info"}
{"message":"Storing chord 0 for progression 'asdf' with id 4cc6667a-d7b6-4e17-b588-d328da4a71fc...","level":"info"}
{"message":"Storing chord 2 for progression 'asdf' with id 4cc6667a-d7b6-4e17-b588-d328da4a71fc...","level":"info"}
{"message":"Storing chord 1 for progression 'asdf' with id 4cc6667a-d7b6-4e17-b588-d328da4a71fc...","level":"info"}
{"message":"Storing chord 3 for progression 'asdf' with id 4cc6667a-d7b6-4e17-b588-d328da4a71fc...","level":"info"}
{"message":"Storing chord 5 for progression 'asdf' with id 4cc6667a-d7b6-4e17-b588-d328da4a71fc...","level":"info"}
{"message":"Storing chord 4 for progression 'asdf' with id 4cc6667a-d7b6-4e17-b588-d328da4a71fc...","level":"info"}
{"message":"Storing chord 6 for progression 'asdf' with id 4cc6667a-d7b6-4e17-b588-d328da4a71fc...","level":"info"}
{"message":"Progression with id bc3c9bf1-87c7-42bb-889f-358fb47a6b4a stored.","level":"info"}
{"message":"Storing chord 0 for progression 'kkkkkkkkk' with id bc3c9bf1-87c7-42bb-889f-358fb47a6b4a...","level":"info"}
{"message":"Storing chord 1 for progression 'kkkkkkkkk' with id bc3c9bf1-87c7-42bb-889f-358fb47a6b4a...","level":"info"}
{"message":"Storing chord 2 for progression 'kkkkkkkkk' with id bc3c9bf1-87c7-42bb-889f-358fb47a6b4a...","level":"info"}
{"message":"Storing chord 5 for progression 'kkkkkkkkk' with id bc3c9bf1-87c7-42bb-889f-358fb47a6b4a...","level":"info"}
{"message":"Storing chord 3 for progression 'kkkkkkkkk' with id bc3c9bf1-87c7-42bb-889f-358fb47a6b4a...","level":"info"}
{"message":"Storing chord 4 for progression 'kkkkkkkkk' with id bc3c9bf1-87c7-42bb-889f-358fb47a6b4a...","level":"info"}
{"message":"Storing chord 6 for progression 'kkkkkkkkk' with id bc3c9bf1-87c7-42bb-889f-358fb47a6b4a...","level":"info"}
{"message":"Progression with id ca17e440-44f1-4a71-9ae0-ecfb8ccbca28 stored.","level":"info"}
{"message":"Storing chord 0 for progression 'bing pot' with id ca17e440-44f1-4a71-9ae0-ecfb8ccbca28...","level":"info"}
{"message":"Storing chord 4 for progression 'bing pot' with id ca17e440-44f1-4a71-9ae0-ecfb8ccbca28...","level":"info"}
{"message":"Storing chord 1 for progression 'bing pot' with id ca17e440-44f1-4a71-9ae0-ecfb8ccbca28...","level":"info"}
{"message":"Storing chord 2 for progression 'bing pot' with id ca17e440-44f1-4a71-9ae0-ecfb8ccbca28...","level":"info"}
{"message":"Storing chord 3 for progression 'bing pot' with id ca17e440-44f1-4a71-9ae0-ecfb8ccbca28...","level":"info"}
{"message":"Storing chord 5 for progression 'bing pot' with id ca17e440-44f1-4a71-9ae0-ecfb8ccbca28...","level":"info"}
{"message":"Storing chord 6 for progression 'bing pot' with id ca17e440-44f1-4a71-9ae0-ecfb8ccbca28...","level":"info"}
{"message":"Progression with id 13f08921-08c3-42c1-a287-9ac24d3683d0 stored.","level":"info"}
{"message":"Storing chord 0 for progression 'qwerty' with id 13f08921-08c3-42c1-a287-9ac24d3683d0...","level":"info"}
{"message":"Storing chord 1 for progression 'qwerty' with id 13f08921-08c3-42c1-a287-9ac24d3683d0...","level":"info"}
{"message":"Storing chord 2 for progression 'qwerty' with id 13f08921-08c3-42c1-a287-9ac24d3683d0...","level":"info"}
{"message":"Storing chord 3 for progression 'qwerty' with id 13f08921-08c3-42c1-a287-9ac24d3683d0...","level":"info"}
{"message":"Storing chord 5 for progression 'qwerty' with id 13f08921-08c3-42c1-a287-9ac24d3683d0...","level":"info"}
{"message":"Storing chord 6 for progression 'qwerty' with id 13f08921-08c3-42c1-a287-9ac24d3683d0...","level":"info"}
{"message":"Storing chord 4 for progression 'qwerty' with id 13f08921-08c3-42c1-a287-9ac24d3683d0...","level":"info"}
{"message":"Overwriting chord 0 for progression 'G' with id 13f08921-08c3-42c1-a287-9ac24d3683d0...","level":"info"}
{"message":"Overwriting chord 1 for progression 'B' with id 13f08921-08c3-42c1-a287-9ac24d3683d0...","level":"info"}
{"message":"Overwriting chord 2 for progression 'E' with id 13f08921-08c3-42c1-a287-9ac24d3683d0...","level":"info"}
{"message":"Overwriting chord 3 for progression 'C' with id 13f08921-08c3-42c1-a287-9ac24d3683d0...","level":"info"}
{"message":"Overwriting chord 4 for progression 'G' with id 13f08921-08c3-42c1-a287-9ac24d3683d0...","level":"info"}
{"message":"Overwriting chord 6 for progression 'C' with id 13f08921-08c3-42c1-a287-9ac24d3683d0...","level":"info"}
{"message":"Overwriting chord 5 for progression 'B' with id 13f08921-08c3-42c1-a287-9ac24d3683d0...","level":"info"}
{"message":"Progression with id b5ef2788-8259-4735-a47e-3d7392f4ba37 deleted.","level":"info"}
{"message":"Progression with id 17afc089-b119-4976-9e0a-b445cd8ce8ee deleted.","level":"info"}
{"message":"Progression with id 4c0591aa-bb96-4b63-b2cd-1da25edb46b4 deleted.","level":"info"}
{"message":"Progression with id fed984cb-411e-4bae-b52d-15fff2393ad0 deleted.","level":"info"}
{"message":"Progression with id 6220cc6c-da24-466f-8ff1-b134a02e76a4 deleted.","level":"info"}
{"message":"Progression with id 5ab52d9b-67ba-48d9-849e-7c97b33d1109 deleted.","level":"info"}
{"message":"Progression with id 309bc4e6-ae74-42ae-98df-88afed1c4fb0 deleted.","level":"info"}
{"message":"Progression with id fccbb118-ec34-41c8-8624-2dc715e4201b deleted.","level":"info"}
{"message":"Progression with id 478d7365-4588-433e-9ab3-2f94c3194fd4 deleted.","level":"info"}
{"message":"Progression with id 75491829-bdca-48af-ba48-6dbf0540a9bd deleted.","level":"info"}
{"message":"Progression with id 9147bfee-10fe-46fa-a1ea-1d1018aa7b94 deleted.","level":"info"}
{"message":"Progression with id 04893801-757c-455c-9c8b-8eb7c2262443 deleted.","level":"info"}
{"message":"Progression with id 57a7917d-1468-4b14-b61b-926fc7d23ead deleted.","level":"info"}
{"message":"Progression with id 9ada984c-e40b-48c8-b900-e6ec8e953294 deleted.","level":"info"}
{"message":"Progression with id 152c6645-67d5-4b61-99d1-2340a2cd4ca6 deleted.","level":"info"}
{"message":"Progression with id b0a82c19-0eba-4136-8360-540d1078f2e6 deleted.","level":"info"}
{"message":"Progression with id 7cf228f2-50a4-48b2-852e-de34b2b59e95 deleted.","level":"info"}
{"message":"Progression with id 50787d39-d3b7-4f5f-a6f8-4046ce6e27b6 deleted.","level":"info"}
{"message":"Progression with id fdd5f028-8cc0-423a-9de7-063e550ac0b4 deleted.","level":"info"}
{"message":"Progression with id 4e7611cb-f0cc-4fa6-9d88-286e00ec6cc4 deleted.","level":"info"}
{"message":"Progression with id 7003afc6-6b22-42ba-bedd-1d049e5867c6 deleted.","level":"info"}
{"message":"Progression with id faf9a694-9f7f-4bee-81c3-c5d95ab637d4 deleted.","level":"info"}
{"message":"Progression with id f0412328-a90f-412e-b52d-7c2e152faf52 deleted.","level":"info"}
{"message":"Progression with id 511063a6-d34c-4ace-9120-2d95125f48c6 deleted.","level":"info"}
{"message":"Progression with id 8a7fc1b2-7403-49b2-9fec-e5ae1c43c649 deleted.","level":"info"}
{"message":"Progression with id ec258eac-c4d9-45db-83a2-967e0dc388f8 deleted.","level":"info"}
{"message":"Progression with id 69a8943b-e802-4cab-9a8c-8dee4db334db deleted.","level":"info"}
{"message":"Progression with id 75a63078-0b6a-42fa-834d-58c7ffa25077 deleted.","level":"info"}
{"message":"Progression with id ba9ee497-c0ea-450c-8e98-8a97c015c2f1 deleted.","level":"info"}
{"message":"Progression with id 745f81c4-b6d4-4883-a830-d61566450979 deleted.","level":"info"}
{"message":"Progression with id 0d948fa0-a12f-452a-94a8-49ff2eec00b8 deleted.","level":"info"}
{"message":"Progression with id cacc7569-a026-44fa-8d72-6f0ef412398e deleted.","level":"info"}
{"message":"Progression with id 2475b8ba-af5d-409e-9bc2-7e9e3660522f deleted.","level":"info"}
{"message":"Progression with id 7e156991-d6e4-433a-8ffc-f28400b5266a deleted.","level":"info"}
{"message":"Progression with id 225aaeef-559f-4191-a7df-532325530a6c deleted.","level":"info"}
{"message":"Progression with id 3d65c329-d607-49b5-8b16-062aeec6d782 deleted.","level":"info"}
{"message":"Progression with id 08b550a1-0ad1-46a1-9f66-8de64ddea78c deleted.","level":"info"}
{"message":"Progression with id 74cf4dfe-8948-4935-b782-a77047f389a9 deleted.","level":"info"}
{"message":"Progression with id 748177ac-df75-476a-905f-a87548cf5a0e deleted.","level":"info"}
{"message":"Progression with id 8bd06c23-c5d4-4785-acff-5ce229ec4f6b deleted.","level":"info"}
{"message":"Progression with id 4cc6667a-d7b6-4e17-b588-d328da4a71fc deleted.","level":"info"}
{"message":"Progression with id bc3c9bf1-87c7-42bb-889f-358fb47a6b4a deleted.","level":"info"}
{"message":"Progression with id ca17e440-44f1-4a71-9ae0-ecfb8ccbca28 deleted.","level":"info"}
{"message":"Progression with id 13f08921-08c3-42c1-a287-9ac24d3683d0 deleted.","level":"info"}
{"message":"Progression with id 9d76ac1a-ec47-423a-a73c-8bbe19cdce14 deleted.","level":"info"}
{"message":"Progression with id 6ba1c248-57dd-4a1b-acb1-08e6e5f67bf3 deleted.","level":"info"}
{"message":"Progression with id 17704b20-1cac-4b97-993a-1f62181f2039 deleted.","level":"info"}
{"message":"Progression with id 964cf37e-4670-4cad-bf7d-2c0ebd92d9c1 deleted.","level":"info"}
{"message":"Progression with id aa8dc2d4-4649-4bb0-884e-85add75fbcae stored.","level":"info"}
{"message":"Storing chord 0 for progression 'My Fun Song!' with id aa8dc2d4-4649-4bb0-884e-85add75fbcae...","level":"info"}
{"message":"Storing chord 1 for progression 'My Fun Song!' with id aa8dc2d4-4649-4bb0-884e-85add75fbcae...","level":"info"}
{"message":"Storing chord 3 for progression 'My Fun Song!' with id aa8dc2d4-4649-4bb0-884e-85add75fbcae...","level":"info"}
{"message":"Storing chord 2 for progression 'My Fun Song!' with id aa8dc2d4-4649-4bb0-884e-85add75fbcae...","level":"info"}
{"message":"Storing chord 4 for progression 'My Fun Song!' with id aa8dc2d4-4649-4bb0-884e-85add75fbcae...","level":"info"}
{"message":"Storing chord 5 for progression 'My Fun Song!' with id aa8dc2d4-4649-4bb0-884e-85add75fbcae...","level":"info"}
{"message":"Storing chord 6 for progression 'My Fun Song!' with id aa8dc2d4-4649-4bb0-884e-85add75fbcae...","level":"info"}
{"message":"Progression with id 37fcc1f7-5446-4dde-ac9d-79ea7a606326 stored.","level":"info"}
{"message":"Storing chord 0 for progression 'New Song 1' with id 37fcc1f7-5446-4dde-ac9d-79ea7a606326...","level":"info"}
{"message":"Storing chord 1 for progression 'New Song 1' with id 37fcc1f7-5446-4dde-ac9d-79ea7a606326...","level":"info"}
{"message":"Storing chord 2 for progression 'New Song 1' with id 37fcc1f7-5446-4dde-ac9d-79ea7a606326...","level":"info"}
{"message":"Storing chord 3 for progression 'New Song 1' with id 37fcc1f7-5446-4dde-ac9d-79ea7a606326...","level":"info"}
{"message":"Storing chord 4 for progression 'New Song 1' with id 37fcc1f7-5446-4dde-ac9d-79ea7a606326...","level":"info"}
{"message":"Storing chord 6 for progression 'New Song 1' with id 37fcc1f7-5446-4dde-ac9d-79ea7a606326...","level":"info"}
{"message":"Storing chord 5 for progression 'New Song 1' with id 37fcc1f7-5446-4dde-ac9d-79ea7a606326...","level":"info"}
{"message":"Progression with id 4a4e9797-abf9-4d7e-aa69-158968835ddc deleted.","level":"info"}
{"message":"Progression with id aa8dc2d4-4649-4bb0-884e-85add75fbcae deleted.","level":"info"}
